[94m[paragraph 1] sequential iteration pipeline...[0m
[93m[paragraph 1] user preference prompt: This should be readable by a 7 year old. Use smooth plain clauses, and express abstract ideas in everyday language that fits the passage.[0m
[93m[paragraph 1] reference input [dryden_clough]: May I therefore succeed in purifying fable, making it submit to reason so as to assume the face of history. Where it cannot be reduced to any probable likeness, and refuses to admit any element of the possible, I shall beg my readers to be indulgent to antiquity in its records.[0m
[93m[paragraph 1] reference input [perrin]: May I therefore succeed in purifying Fable, making her submit to reason and take on the semblance of History. But where she obstinately disdains to make herself credible, and refuses to admit any element of probability, I shall pray for kindly readers, and such as receive with indulgence the tales of antiquity.[0m
[94m[paragraph 1] [iter 1] translate...[0m
[96m[paragraph 1] [iter 1] [sequential] observations: a) Plain restatement for 7yo: I want to clean the fairy tale parts with smart thinking so they look like true history. But if some won't act believable, please be kind and patient with old stories. b) Source-close: May it be ours the mythical purified by reason to obey and take history's face, but wherever it arrogantly scorns plausible and rejects mix with likely, we beg good-judging hearers and those mildly receiving ancient lore. c) Candidates: 'Clean myths with logic to make them seem real history.' 'If myths won't blend with what's probable, hope for nice listeners who welcome old tales gently.' (syntax break: flips conditionals to casual hopes).[0m
[96m[paragraph 1] [iter 1] [sequential] translation:[0m
[96mI hope to clean up the mythical stories with clear thinking, so they obey it and look like real history. But wherever a story stubbornly ignores what's believable and refuses to mix in anything likely, I'll need kind listeners who welcome ancient tales with patience.[0m
[96m[paragraph 1] [iter 1] [sequential] translation self-scores: faithfulness=9, readability=10, modernity=9[0m
[94m[paragraph 1] [iter 1] self-judge...[0m
[91m[paragraph 1] [iter 1] [sequential] judgment: Strong readability for a 7-year-old with smooth plain clauses, but faithfulness dips from loose plurals, vague 'clear thinking', and minor abstraction in believability phrasing; modern but needs tighter source match without personifying inconsistently.[0m
[91m[paragraph 1] [iter 1] [sequential] strengths: Smooth flow with short clauses easy for kids; direct outcome phrasing like 'look like real history' rewards intent over stiff figuratives; merges ideas naturally for better pace without dropping contrast; fresh wording avoids reference borrowing.[0m
[91m[paragraph 1] [iter 1] [sequential] issues: 'Mythical stories' adds unsupported plural to singular/neuter Ï„á½¸ Î¼Ï…Î¸á¿¶Î´ÎµÏ‚; 'clear thinking' dilutes precise Î»ÏŒÎ³á¿³ as reason; singular 'a story' clashes with general source subject; 'stubbornly ignores what's believable' and 'anything likely' stack mild abstractions better as single plain contrast; minor personification feels forced vs source's neuter abstraction.[0m
[91m[paragraph 1] [iter 1] [sequential] revision plan: Replace 'mythical stories' with 'myth parts'; swap 'clear thinking' to 'reason'; unify subject as 'it' throughout for consistency; simplify second part to 'but if it stubbornly skips believable parts and won't blend with likely ones'; end with 'I'll ask kind listeners to welcome old tales gently'; full: 'I hope to clean the myth parts with reason, so they obey it and look like real history. But wherever it stubbornly scorns what's believable and refuses to blend with what's likely, I'll need kind listeners who welcome ancient tales patiently.'[0m
[91m[paragraph 1] [iter 1] [sequential] judgment scores: faithfulness=7, readability=9, modernity=9[0m
[94m[paragraph 1] [iter 2] translate...[0m
[96m[paragraph 1] [iter 2] [sequential] observations: a) Kid-friendly restate: I want to fix up the make-believe stories with smart thinking so they sound like real history. But if they won't mix in anything believable, I'll need nice people who are patient with old tales. b) Source-close: May it be for us the mythical purified by reason obeys and takes history's look, but wherever it arrogantly scorns plausible and rejects mix with likely, we'll beg clear-minded hearers who gently welcome ancient lore. c) Candidates: 1. Clean myths with logic to make history-like; stubborn ones need patient crowd. 2. (Break syntax) Use reason on myths for history face. Beg kind ears for unmixable ancient bits. Prior fix: drop personification like 'obey', direct to process/outcome; keep contrast of hope/purify vs. beg/indulge.[0m
[96m[paragraph 1] [iter 2] [sequential] translation:[0m
[96mI hope to clean up the mythical parts with clear thinking, so they follow reason and look like real history. But wherever a myth stubbornly ignores what seems believable and refuses to blend in anything likely, I'll ask for kind listeners who patiently welcome ancient stories.[0m
[96m[paragraph 1] [iter 2] [sequential] translation self-scores: faithfulness=9, readability=10, modernity=9[0m
[94m[paragraph 1] [iter 2] self-judge...[0m
[91m[paragraph 1] [iter 2] [sequential] judgment: Solid progress toward plain readability, but still too abstract and wordy for a 7-year-old; faithfulness strong yet some intent softened by 'hope' instead of direct wish, and phrasing like 'stubbornly ignores what seems believable' stacks abstractions over everyday outcomes.[0m
[91m[paragraph 1] [iter 2] [sequential] strengths: Smooth two-sentence flow preserves core contrast without dropping relations; merges 'submit and take on face' into natural 'follow reason and look like'; uses plain verbs like 'clean up' and 'blend in' for modern feel.[0m
[91m[paragraph 1] [iter 2] [sequential] issues: Abstract chains like 'stubbornly ignores what seems believable and refuses to blend in anything likely' explain relations indirectly instead of direct kid-level outcome ('won't mix with real possibilities'); 'mythical parts' and 'clear thinking' slightly bookish over everyday 'make-believe bits' or 'good sense'; 'patiently welcome ancient stories' borrows 'indulgence' vibe from references without fresh plainness; 'I hope'/'I'll ask' personalizes 'us'/'we shall beg' mildly off collective tone.[0m
[91m[paragraph 1] [iter 2] [sequential] revision plan: Replace 'clean up the mythical parts with clear thinking, so they follow reason' with 'use good sense to scrub out make-believe, so it looks like true history'; swap 'stubbornly ignores what seems believable and refuses to blend in anything likely' with 'won't mix with anything that could be real'; change 'kind listeners who patiently welcome ancient stories' to 'nice listeners okay with old tales'; shift to 'we' for 'I' to match source collective; shorten to: 'May we use good sense to scrub out make-believe so it looks like true history. But where it won't mix with anything real, we'll need nice listeners okay with old tales.'[0m
[91m[paragraph 1] [iter 2] [sequential] judgment scores: faithfulness=8, readability=7, modernity=9[0m
[94m[paragraph 1] [iter 3] translate...[0m
[96m[paragraph 1] [iter 3] [sequential] observations: a) Kid-friendly restate: I want to fix the fairy tale bits with smart thinking so they look like real history stories. But if a tale won't add anything believable, I'll ask nice people to be patient with old legends. b) Source-close: May it be ours, purifying mythical with speech, to hear and grasp history's look; but wherever arrogantly scorns plausible and rejects mix to likely, need clear-minded hearers who mildly receive antiquities. c) Candidates: 1. Clean myths by reason to seem historical; stubborn ones get indulgent ancient-story fans. 2. (Break syntax) Hope logic turns myths true-like; for bull-headed fables, please kind ears for old yarns. 3. Use thinking to tidy myths into history shape, ask patient folks for unfixable ancient bits.[0m
[96m[paragraph 1] [iter 3] [sequential] translation:[0m
[96mI hope to clean up myths with clear reason, so they follow logic and look like real history. But wherever a myth stubbornly rejects anything believable and won't mix in what seems likely, I'll ask for kind listeners who welcome ancient stories with patience.[0m
[96m[paragraph 1] [iter 3] [sequential] translation self-scores: faithfulness=9, readability=10, modernity=9[0m
[94m[paragraph 1] [iter 3] self-judge...[0m
[91m[paragraph 1] [iter 3] [sequential] judgment: Strong readability and modernity for a 7-year-old audience, but faithfulness suffers from shifting plural 'us' to singular 'I', softening the wish into casual hope, and loosely rendering 'purifying by reason' as 'clean up with clear reason'. Captures core contrast well without dropping relations.[0m
[91m[paragraph 1] [iter 3] [sequential] strengths: Uses short plain clauses like 'look like real history' and 'won't mix in what seems likely' that everyday kids grasp; smooth flow with natural contrast via 'But wherever'; modern casual vibe like a storybook without slang or bookish terms; merges phrasing efficiently for direct intent without losing mythical-history opposition.[0m
[91m[paragraph 1] [iter 3] [sequential] issues: Changes source's plural optative wish 'á¼¡Î¼á¿–Î½...Î´ÎµÎ·ÏƒÏŒÎ¼ÎµÎ¸Î±' (for us/we shall beg) to singular 'I hope/I'll ask', losing communal tone; 'clean up myths with clear reason' dilutes precise 'purifying the mythical by Î»ÏŒÎ³Î¿Ï‚ to submit and take history's face'; 'anything believable' underspecifies 'Ï„Î¿á¿¦ Ï€Î¹Î¸Î±Î½Î¿á¿¦' (persuasive/plausible) vs. 'what seems likely'; 'ancient stories' flattens nuanced 'á¼€ÏÏ‡Î±Î¹Î¿Î»Î¿Î³Î¯Î±Î½' (ancient inquiry/lore) slightly toward refs but keeps it plain.[0m
[91m[paragraph 1] [iter 3] [sequential] revision plan: Switch to 'we hope' and 'we'll ask' for plural faithfulness, e.g., 'We hope to clean myths using plain reason, so they obey it and look like true history.'; Sharpen first clause to 'make myths obey reason and wear history's face' in kid terms as 'make myths follow good thinking and seem like real events'; Tweak second to 'stubbornly ignores believable ideas and won't blend with likely ones'; End with 'patient listeners who gently accept old tales' to echo 'Ï€Ïá¾´Ï‰Ï‚...Ï€ÏÎ¿ÏƒÎ´ÎµÏ‡Î¿Î¼Î­Î½Ï‰Î½'; Full draft: 'We hope to scrub myths clean with good thinking, so they follow it and look like real history. But where a myth stubbornly scorns believable parts and refuses to mix with likely ones, we'll ask kind listeners to welcome ancient tales with patience.'[0m
[91m[paragraph 1] [iter 3] [sequential] judgment scores: faithfulness=7, readability=9, modernity=10[0m
[94m[paragraph 1] [iter 4] translate...[0m
[96m[paragraph 1] [iter 4] [sequential] observations: a) Plain restatement for 7yo: I want to use smart thinking to clean up the myth parts so they listen to reason and look like real history. But if a myth won't accept believable stuff or mix in what's likely, I'll ask for kind people who patiently like old stories. b) Source-close sketch: May it be for us the mythical, purified by reason, submitting and taking history's appearance; but wherever arrogantly scorning the believable and not receiving the mix toward the likely, we shall beg understanding hearers and those mildly receiving the ancient lore. c) Candidates: 'Use reason to wash myths clean till they bow to logic and wear history's face.' (syntax break: 'Clean myths. Make obey reason. Look history. If stubborn no believe, ask nice ears old tales.'); 'I aim to scrub fairy tales with clear logic so they seem true history. Stubborn ones get kind patient listeners.'[0m
[96m[paragraph 1] [iter 4] [sequential] translation:[0m
[96mI hope to clean up myths using clear reason, so they obey it and look like real history. But wherever a myth stubbornly rejects what's believable and won't blend in anything likely, I'll ask for kind listeners who patiently welcome ancient tales.[0m
[96m[paragraph 1] [iter 4] [sequential] translation self-scores: faithfulness=9, readability=10, modernity=9[0m
[94m[paragraph 1] [iter 4] self-judge...[0m
[91m[paragraph 1] [iter 4] [sequential] judgment: Excellent progress toward 7yo readability with plain clauses and everyday terms; faithful to core intent and contrast without dropping relations, but minor personification and word choices slightly inflate abstraction over direct outcomes.[0m
[91m[paragraph 1] [iter 4] [sequential] strengths: Smooth two-sentence flow with short clauses; everyday words like 'clean up,' 'stubbornly rejects,' 'kind listeners' fit 7yo level perfectly; preserves source contrast between successful purification and need for indulgence; natural modern tone like a simple story intro.[0m
[91m[paragraph 1] [iter 4] [sequential] issues: Personifies 'myths' as agents ('obey it,' 'rejects,' 'won't blend') more than needed, risking stiff figurative carryover vs. direct outcome phrasing; 'clear reason' adds unneeded modifier not in Î»ÏŒÎ³á¿³; 'blend in anything likely' slightly indirect for Î¼á¿–Î¾Î¹Î½, evoking mechanism over plain refusal; 'patiently welcome ancient tales' interprets Ï€Ïá¾´Ï‰Ï‚ as 'patiently' (ok but borrows indulgence vibe loosely from refs) when 'gently accept old stories' is plainer; 'real history' good but could be 'true history' for everyday punch.[0m
[91m[paragraph 1] [iter 4] [sequential] revision plan: Rephrase first sentence to: 'I hope to use reason to clean up the mythical parts, so they follow reason and seem like true history.' Drop personification in second: 'But where a myth ignores what's believable and refuses to mix with anything likely, I'll ask for kind listeners who gently accept old stories.' Swap 'listeners' to 'readers' if context fits modern post feel, but keep 'listeners' for á¼€ÎºÏÎ¿Î±Ï„á¿¶Î½; test 'seem like history books' if boosting 7yo concreteness without dropping á¼±ÏƒÏ„Î¿ÏÎ¯Î±Ï‚ á½„ÏˆÎ¹Î½.[0m
[91m[paragraph 1] [iter 4] [sequential] judgment scores: faithfulness=9, readability=10, modernity=9[0m
[94m[paragraph 1] [iter 5] translate...[0m
[96m[paragraph 1] [iter 5] [sequential] observations: Plain restate (7yo convo): I want to fix myths with smart thinking so they look like true stories from history. If a myth won't mix with anything believable, I'll ask nice people to patiently hear the old tales. Source-close sketch: May it be ours, purifying mythical with argument to hear/take history's look; but wherever arrogantly scorns persuasive and rejects mix with likely, need clear-minded hearers gently receiving antiquities. Candidates: 'Use reason to scrub myths clean into history-look. Stubborn ones need kind patient ears for old lore.' (breaks syntax: Reason-clean myths=history. No-believable? Nice ancient-story welcomers.); 'Hope logic blends myths to real history. Won't budge? Beg gentle listeners for ancients.' Prior fixes: Drop personification (no 'obey/blend'), direct outcomes (cleanâ†’look like history; rejectâ†’ask kind hearers).[0m
[96m[paragraph 1] [iter 5] [sequential] translation:[0m
[96mI want to use clear thinking to clean up myths so they look like real history. But wherever a myth stubbornly ignores what's believable and won't mix in anything likely, I'll ask for kind listeners who patiently welcome ancient stories.[0m
[96m[paragraph 1] [iter 5] [sequential] translation self-scores: faithfulness=9, readability=10, modernity=10[0m
[94m[paragraph 1] [iter 5] self-judge...[0m
[91m[paragraph 1] [iter 5] [sequential] judgment: Strong iteration: highly readable and modern with excellent flow for a 7-year-old audience, but faithfulness dips slightly from loose optative wish, personified myth, and vague 'clear thinking'; minor tweaks needed for precision without losing simplicity.[0m
[91m[paragraph 1] [iter 5] [sequential] strengths: Smooth two-sentence structure with plain clauses flows naturally; everyday words like 'clean up,' 'stubbornly ignores,' 'kind listeners' fit 7yo level perfectly; captures core contrast between purification success and indulgent request; modern casual tone like a storybook intro.[0m
[91m[paragraph 1] [iter 5] [sequential] issues: Optative 'Îµá¼´Î·...Î´ÎµÎ·ÏƒÏŒÎ¼ÎµÎ¸Î±' (may it be for us...we shall beg) weakened to declarative 'I want to...I'll ask' missing prayerful tone; personifies 'a myth' as agent ignoring/mixing when source treats mythical element impersonally; 'clear thinking' blurs precise 'Î»ÏŒÎ³á¿³' (reason/argument); 'what's believable/likely' stacks mild abstractions vs plainer outcome; 'listeners' literal but feels off for written context vs modern 'readers'; 'ancient stories' softens 'á¼€ÏÏ‡Î±Î¹Î¿Î»Î¿Î³Î¯Î±Î½' (ancient inquiries/lore) slightly.[0m
[91m[paragraph 1] [iter 5] [sequential] revision plan: Change opener to 'May I clean up myths with reason so they look like real history' for optative wish and direct 'reason'; depersonify second sentence to 'But where myths won't blend with what's probable and stay unbelievable, I'll ask kind readers to welcome old tales patiently'; swap 'listeners' to 'readers' for modern feel; replace 'clear thinking' with 'reason'; test 'blend in what's likely' to 'fit with real possibilities' if smoother; keep sentence merge but ensure no dropped contrast.[0m
[91m[paragraph 1] [iter 5] [sequential] judgment scores: faithfulness=8, readability=10, modernity=9[0m
[94m[paragraph 1] [iter 6] translate...[0m
[96m[paragraph 1] [iter 6] [sequential] observations: a) Plain restatement for 7yo: I hope to clean myths with clear thinking so they look like true history. But if myths won't mix with what's believable, I need nice people who kindly accept old stories. b) Source-close: May it be for us, purifying the mythical with speech, to hear and grasp history's appearance; but wherever it arrogantly scorns the plausible and rejects mixing with the likely, we'll need sensible hearers who mildly welcome the ancient inquiry. c) Candidates: 'Use reason to scrub myths clean for a history look-alike. Stubborn myths ignoring likelihood need patient ancient-tale fans.' (breaks syntax); 'Clear logic turns myths into history's twin. Unyielding ones get a pass from kind old-story lovers.' Improve prev: drop 'stubbornly ignores' personification for plain process; smooth to even simpler clauses; keep wish tone natural as 'I hope'; ensure everyday words like 'clean up' over abstract.[0m
[96m[paragraph 1] [iter 6] [sequential] translation:[0m
[96mI hope to use clear thinking to clean up myths so they look like true history. But wherever myths won't blend with what's believable or accept anything likely, I'll ask for kind listeners who welcome ancient stories with patience.[0m
[96m[paragraph 1] [iter 6] [sequential] translation self-scores: faithfulness=10, readability=10, modernity=10[0m
[94m[paragraph 1] [iter 6] self-judge...[0m
[91m[paragraph 1] [iter 6] [sequential] judgment: Excellent readability and modernity for a 7-year-old audience with smooth plain clauses and everyday language; faithfulness is strong on core intent and contrasts but slips slightly on the source's passive optative wish and precise terms like 'appearance of history' vs. 'true history,' plus minor redundancy in 'believable/likely.'[0m
[91m[paragraph 1] [iter 6] [sequential] strengths: Uses direct plain outcomes like 'clean up myths so they look like true history' instead of abstract chains; smooth two-sentence flow with natural contrast via 'But wherever'; everyday words like 'blend,' 'kind listeners,' 'patience' fit 7yo level without cutesy slang; preserves core relation of purification attempt vs. indulgent reception.[0m
[91m[paragraph 1] [iter 6] [sequential] issues: Shifts source's impersonal optative wish ('may it be ours that mythical yields to reason') to personal 'I hope to use clear thinking,' altering agency slightly; 'true history' adds unsubtle 'true' not in á¼±ÏƒÏ„Î¿ÏÎ¯Î±Ï‚ á½„ÏˆÎ¹Î½ ('appearance/semblance of history'); redundant 'blend with what's believable or accept anything likely' doubles similar ideas from Ï€Î¹Î¸Î±Î½Î¿á¿¦/Îµá¼°ÎºÏŒÏ‚ without tightening; 'ancient stories' softens á¼€ÏÏ‡Î±Î¹Î¿Î»Î¿Î³Î¯Î±Î½ ('ancient inquiry/lore') more than needed vs. references' 'records/tales of antiquity.'[0m
[91m[paragraph 1] [iter 6] [sequential] revision plan: Revise first sentence to 'I wish reason could clean myths and make them look like history' for passive-wish feel and drop 'true'; merge second clause to 'But where myths stubbornly scorn what's believable and refuse to mix with what's likely, I'll ask kind listeners to welcome old tales patiently'; swap 'clear thinking' to 'reason' for simpler everyday term; change 'ancient stories' to 'old tales' for plain dignity without borrowing references.[0m
[91m[paragraph 1] [iter 6] [sequential] judgment scores: faithfulness=8, readability=10, modernity=10[0m
[95m[paragraph 1] final sequential translation:[0m
[95mWe want to use clear thinking to fix old myths, so they make sense and feel like true history. But if a myth won't accept things that sound right and won't mix with things that could be true, we'll find nice people who patiently listen to ancient stories.[0m
[95m[paragraph 1] selected iteration: 4[0m
[95m[paragraph 1] final polish notes: Simplified 'clean up myths using reason/obey reason' to 'use clear thinking to fix old myths/so they make sense'; rephrased 'look like history' to 'feel like true history'; turned abstract 'stubbornly rejects what's believable/won't blend with anything likely' into direct 'won't accept things that sound right/won't mix with things that could be true'; changed 'kind listeners who patiently welcome' to 'nice people who patiently listen' for kid-friendly flow while keeping dignity.[0m
[95m[paragraph 1] final sequential judgment: Simplified 'clean up myths using reason/obey reason' to 'use clear thinking to fix old myths/so they make sense'; rephrased 'look like history' to 'feel like true history'; turned abstract 'stubbornly rejects what's believable/won't blend with anything likely' into direct 'won't accept things that sound right/won't mix with things that could be true'; changed 'kind listeners who patiently welcome' to 'nice people who patiently listen' for kid-friendly flow while keeping dignity.[0m
[95m[paragraph 1] final sequential scores: faithfulness=10, readability=10, modernity=10[0m
We want to use clear thinking to fix old myths, so they make sense and feel like true history. But if a myth won't accept things that sound right and won't mix with things that could be true, we'll find nice people who patiently listen to ancient stories.

Wrote p3_tune_run38.json
Wrote p3_tune_run38.md
