[94m[paragraph 1] sequential iteration pipeline...[0m
[93m[paragraph 1] user preference prompt: This should be readable by a 7 year old. Use smooth plain clauses, and express abstract ideas in everyday language that fits the passage.[0m
[93m[paragraph 1] reference input [dryden_clough]: May I therefore succeed in purifying fable, making it submit to reason so as to assume the face of history. Where it cannot be reduced to any probable likeness, and refuses to admit any element of the possible, I shall beg my readers to be indulgent to antiquity in its records.[0m
[93m[paragraph 1] reference input [perrin]: May I therefore succeed in purifying Fable, making her submit to reason and take on the semblance of History. But where she obstinately disdains to make herself credible, and refuses to admit any element of probability, I shall pray for kindly readers, and such as receive with indulgence the tales of antiquity.[0m
[94m[paragraph 1] [iter 1] translate...[0m
[96m[paragraph 1] [iter 1] [sequential] observations: a) Plain restatement for 7yo: I want to clean up fairy tale stuff with smart thinking so it looks like real history. But if some stories stay stubborn and won't mix in believable parts, I need kind listeners who gently accept old tales. b) Source-close sketch: May it be ours the mythical purified by reason to obey and take history's face, but wherever arrogantly it scorns plausible and rejects mixing toward likely, we shall beg clear-minded hearers and those mildly receiving the ancient inquiry. c) Candidates: 1) Hope to purify myths with reason into history's look; stubborn ones need indulgent ancient-story fans. 2) Clean myths logically to match history, but pig-headed tales refusing realness beg patient old-story lovers. 3) Break syntax: Myths get reason-washed for history face. No-go on believable? Kind ears for ancient stuff, please.[0m
[96m[paragraph 1] [iter 1] [sequential] translation:[0m
[96mI hope to clean up the fairy-tale parts with clear thinking, so they look like real history. But wherever a story stubbornly ignores what's believable and refuses to blend in some truth, I'll need kind listeners who patiently welcome the old tales.[0m
[96m[paragraph 1] [iter 1] [sequential] translation self-scores: faithfulness=9, readability=10, modernity=9[0m
[94m[paragraph 1] [iter 1] self-judge...[0m
[91m[paragraph 1] [iter 1] [sequential] judgment: Solid first pass with strong readability for a young audience, but faithfulness dips from loose handling of 'eikos' as 'truth' instead of 'likely/probable', and minor cutesiness in 'fairy-tale parts' risks undercutting dignified tone.[0m
[91m[paragraph 1] [iter 1] [sequential] strengths: Smooth two-sentence flow with plain clauses ideal for 7yo; direct outcome phrasing like 'look like real history' rewards intent over stiff figurative carryover; merges conditions naturally without dropping core contrast between purification success and failure cases.[0m
[91m[paragraph 1] [iter 1] [sequential] issues: 'Fairy-tale parts' is cutesy for 'mythos', better as plain 'story myths' or 'made-up parts'; 'clear thinking' flattens nuanced 'logō' (reason/argument) into vague everyday term without losing fit; 'blend in some truth' mistranslates 'eikos' (probable/likely) as absolute 'truth', distorting semantic check from refs; 'listeners' literal for 'akroatai' but awkward in written context vs refs' 'readers'; 'patiently welcome' indirect for 'praiōs prosdechomenōn' (mildly indulgent).[0m
[91m[paragraph 1] [iter 1] [sequential] revision plan: Replace 'fairy-tale parts' with 'made-up stories'; change 'clear thinking' to 'good reasoning'; swap 'blend in some truth' to 'mix in what's likely'; shift 'listeners' to 'readers'; tweak end to 'who kindly accept the old stories'; ensure full sentence: 'I hope to clean up the made-up stories with good reasoning, so they look like real history. But wherever a story stubbornly ignores what's believable and refuses to mix in what's likely, I'll need kind readers who kindly accept the old stories.'[0m
[91m[paragraph 1] [iter 1] [sequential] judgment scores: faithfulness=7, readability=9, modernity=9[0m
[94m[paragraph 1] [iter 2] translate...[0m
[96m[paragraph 1] [iter 2] [sequential] observations: a) Plain restate for 7yo: 'I hope smart thinking cleans up pretend stories to make them look like real history. But if a story won't mix in what's possible and stays unbelievable, I need nice readers who patiently like old tales.' b) Source-close: 'May it be to us purifying-with-logos the-mythical to-hear-and-receive history's-sight, where-ever but arrogantly the-plausible it-scorns and not-receives the-to-the-likely mixing, good-minded-audiences we-shall-need and mildly the-antiquarian-stuff receiving.' c) Candidates: 'Use reason to scrub myths into history-lookalikes; stubborn ones beg kind readers' (syntax break); 'Clean myths with reason for history face. No mix with likely? Need indulgent ancient-lore fans'; 'I plan to reason away myth stuff to history vibe, but implore patient readers for the rest.' Prior fixes: swap to 'made-up stories', 'good reasoning', 'mix in what's likely/believable', 'readers', 'kindly accept old stories'; simplify for 7yo flow, dignified plainness.[0m
[96m[paragraph 1] [iter 2] [sequential] translation:[0m
[96mI hope to clean up the made-up stories with good reasoning, so they look like real history. But wherever a story stubbornly ignores what's believable and refuses to mix in what's likely, I'll need kind readers who kindly accept the old stories.[0m
[96m[paragraph 1] [iter 2] [sequential] translation self-scores: faithfulness=9, readability=10, modernity=10[0m
[94m[paragraph 1] [iter 2] self-judge...[0m
[91m[paragraph 1] [iter 2] [sequential] judgment: Excellent progress toward 7yo readability with plain, direct clauses, but minor faithfulness slips in word choices and redundancy dilute precision.[0m
[91m[paragraph 1] [iter 2] [sequential] strengths: Smooth two-sentence flow with clear contrast; everyday words like 'clean up,' 'made-up stories,' 'stubbornly ignores' make abstracts concrete and kid-friendly; modern casual tone like a storybook intro.[0m
[91m[paragraph 1] [iter 2] [sequential] issues: 'Made-up stories' flattens nuanced 'mythical element' (μυθῶδες) into generic tales, losing fable/history distinction; 'good reasoning' adds unneeded adjective to plain 'reason' (λόγῳ); redundant 'kind readers who kindly accept'; 'old stories' weakens specific 'ancient records' (ἀρχαιολογίαν); 'wherever a story' personifies vaguely vs source's general mythical stubbornness.[0m
[91m[paragraph 1] [iter 2] [sequential] revision plan: Replace 'made-up stories' with 'fairy tale parts' to evoke myths plainly; drop 'good' from 'reasoning' → 'reason'; merge redundancy to 'kind readers who accept old tales gently'; shift 'wherever a story stubbornly ignores what's believable and refuses to mix in what's likely' → 'but if a tale stubbornly skips believable parts and won't blend in likely ones'; end with 'ancient tales' for precision; full draft: 'I hope to clean the fairy tale parts with reason, so they look like real history. But if a tale stubbornly skips what's believable and won't blend in anything likely, I'll need kind readers to accept the ancient tales with patience.'[0m
[91m[paragraph 1] [iter 2] [sequential] judgment scores: faithfulness=8, readability=9, modernity=9[0m
[94m[paragraph 1] [iter 3] translate...[0m
[96m[paragraph 1] [iter 3] [sequential] observations: Plain restatement (7yo convo): 'I want to fix the fairy tale bits using clear thinking, so they seem like true history. But if a story won't be believable or mix in real chances, I need nice people who patiently like old tales.' Source-close sketch: 'May it be ours, reason-purifying the mythical to hear/take history's look; but wherever arrogantly scorning plausible and rejecting likely-mix, need sensible hearers gently receiving antiquities.' Candidates: 1. 'Scrub myths clean with reason for a history face.' 2. 'Stubborn fables scorning likelihood need patient ancient-lore fans.' 3. Break syntax: 'Reason should tidy myths into history; unyielding ones get kind readers for old stuff.' Prior fixes: 'fairy tale parts' evokes myths; drop adjectives; 'blend in likely' sharpens refusal; 'ancient tales' precise; merge to one flow para; natural kid-plain dignity.[0m
[96m[paragraph 1] [iter 3] [sequential] translation:[0m
[96mI hope to clean the fairy tale parts with reason, so they look like real history. But if a tale stubbornly skips what's believable and won't blend in anything likely, I'll need kind readers who accept the ancient tales with patience.[0m
[96m[paragraph 1] [iter 3] [sequential] translation self-scores: faithfulness=9, readability=10, modernity=10[0m
[94m[paragraph 1] [iter 3] self-judge...[0m
[91m[paragraph 1] [iter 3] [sequential] judgment: Strong iteration: highly readable and modern for a 7-year-old audience with smooth plain clauses, but faithfulness dips slightly from cutesy 'fairy tale' simplification and loose phrasing of key contrasts like disdain vs. 'skips'.[0m
[91m[paragraph 1] [iter 3] [sequential] strengths: Excellent flow with short clauses; everyday words like 'clean', 'stubbornly skips', 'blend in' make abstracts concrete and kid-friendly; natural modern tone like a simple storybook; preserves core hope-contrast structure without dropping relations.[0m
[91m[paragraph 1] [iter 3] [sequential] issues: 'Fairy tale parts' is cutesy and less faithful to neutral 'mythical' (μυθῶδες) than plain 'make-believe parts'; 'skips what's believable' softens strong 'disdains/rejects probable' (αὐθαδῶς περιφρονῇ); 'blend in anything likely' vaguely captures 'mixture with likely' (πρὸς τὸ εἰκὸς μῖξιν) but feels indirect; 'ancient tales' undersells 'ancient records/history' (ἀρχαιολογίαν) as mere stories.[0m
[91m[paragraph 1] [iter 3] [sequential] revision plan: Replace 'fairy tale parts' with 'make-believe stories' for plain dignity; change 'stubbornly skips what's believable' to 'stubbornly ignores what seems real' for direct disdain; tweak 'won't blend in anything likely' to 'won't mix with anything possible'; shift 'ancient tales' to 'old records' and 'patience' to 'kindness' to match εὐγνωμόνων/πρᾴως; full rewrite: 'I hope to clean the make-believe stories with reason, so they look like real history. But if a story stubbornly ignores what seems real and won't mix with anything possible, I'll need kind readers who accept the old records gently.'[0m
[91m[paragraph 1] [iter 3] [sequential] judgment scores: faithfulness=8, readability=9, modernity=9[0m
[94m[paragraph 1] [iter 4] translate...[0m
[96m[paragraph 1] [iter 4] [sequential] observations: a) Plain restatement for 7yo: 'I want to use clear thinking to wash away the pretend story parts so they look like true history. But if a story won't mix with real possibilities and ignores what's likely, I need nice readers who are gentle with old facts.' b) Source-close sketch: 'May it be for us purifying-with-reason the-mythical to-submit and to-take history's-appearance, where-ever but stubbornly the-credible it-scorns and not-receives the with-the-likely mixture, sensible-hearers we-shall-beg and gently the-ancient-research receiving.' c) Candidates: 'Reason cleans myths to history-look (but stubborn ones need kind readers)' [breaks syntax]; 'Clean pretend bits with logic for history face; scornful ones beg patient audience for old lore'; 'I hope to scrub myths clean with reason into history. Stubborn make-believe gets gentle treatment from smart readers.' Prior fixes: Swap to 'make-believe parts' (neutral); 'stubbornly scorns/ignores believable'; direct 'mix with possible'; 'old records' + 'gently/kindly'.[0m
[96m[paragraph 1] [iter 4] [sequential] translation:[0m
[96mI hope to use reason to clean up the make-believe parts, so they look like real history. But if a story stubbornly ignores what's believable and won't mix with anything possible, I'll need kind readers who gently accept the old records.[0m
[96m[paragraph 1] [iter 4] [sequential] translation self-scores: faithfulness=9, readability=10, modernity=10[0m
[94m[paragraph 1] [iter 4] self-judge...[0m
[91m[paragraph 1] [iter 4] [sequential] judgment: Strong iteration: highly readable and modern for a 7-year-old audience with smooth plain clauses and everyday terms, faithful to core intent of purifying myth into history-like form while requesting indulgence, but minor tweaks needed for precise wish structure, plainer abstraction handling, and avoiding slight personification blur.[0m
[91m[paragraph 1] [iter 4] [sequential] strengths: Excellent flow with short plain clauses; everyday words like 'clean up,' 'make-believe,' 'stubbornly ignores,' and 'gently accept' fit 7yo level perfectly; preserves contrast between purification success and failure without dropping relations; natural modern phrasing avoids Greek-shaped structure or abstract chains.[0m
[91m[paragraph 1] [iter 4] [sequential] issues: 'I hope' softens the source's impersonal optative wish (εἴη... ἡμῖν) into personal statement, losing shared aspirational tone; 'a story' slightly personifies and narrows τὸ μυθῶδες (the mythical element generally); 'what's believable' and 'anything possible' keep mild abstractions where plainer outcomes like 'what could happen' would clarify for 7yo; 'old records' works but underplays ἀρχαιολογίαν's sense of ancient inquiry/stories.[0m
[91m[paragraph 1] [iter 4] [sequential] revision plan: Replace 'I hope to use reason to clean up the make-believe parts, so they look like real history' with 'May we use reason to clean the fairy-tale stuff until it looks like true history'; change 'if a story stubbornly ignores what's believable' to 'but if the fairy-tale stuff stubbornly skips what makes sense'; swap 'won't mix with anything possible' to 'and won't blend with what could really happen'; update 'old records' to 'ancient tales'; ensure full sentence stays under 20 words per clause for smoother 7yo read.[0m
[91m[paragraph 1] [iter 4] [sequential] judgment scores: faithfulness=9, readability=10, modernity=10[0m
[94m[paragraph 1] [iter 5] translate...[0m
[96m[paragraph 1] [iter 5] [sequential] observations: a) Plain restatement for 7yo: 'I wish we could scrub the fairy tales clean with smart thinking so they look like true stories from history. But if they won't mix with real-life possible stuff, please be nice readers and welcome old tales kindly.' b) Source-close sketch: 'May it be for us, the mythical being purified by speech, to obey and take history's sight; but wherever it arrogantly scorns the persuasive and rejects mix toward the likely, we'll beg sensible hearers gently receiving the ancient inquiry.' c) Candidates: 'Use reason to wash myths into history looks (breaks syntax for flow)'; 'May reason clean fairy tales to seem real history, but if not, kind folks welcome old stories'; 'Fairy-tale bits: scrub with words for history face, or beg patient readers for ancient bits.' Prior fixes: Impersonal 'May we' wish; generalize to 'fairy-tale stuff' not 'a story'; plain 'what makes sense'/'what could happen'; 'ancient tales' for depth; short clauses under 15 words.[0m
[96m[paragraph 1] [iter 5] [sequential] translation:[0m
[96mMay we use reason to clean the fairy-tale stuff until it looks like true history. But if it stubbornly skips what makes sense and won't blend with what could really happen, we'll need kind listeners who gently welcome ancient tales.[0m
[96m[paragraph 1] [iter 5] [sequential] translation self-scores: faithfulness=10, readability=10, modernity=10[0m
[94m[paragraph 1] [iter 5] self-judge...[0m
[91m[paragraph 1] [iter 5] [sequential] judgment: Solid kid-friendly simplification that captures the wish-contrast structure faithfully in plain terms, but minor cutesiness and softened disdain reduce precision without dropping meaning.[0m
[91m[paragraph 1] [iter 5] [sequential] strengths: Smooth two-sentence flow with plain clauses perfect for 7yo; everyday words like 'clean' and 'blend' directly convey abstract purification/mixing; modern post-like casualness without archaic feel; preserves core optative wish and indulgent audience request.[0m
[91m[paragraph 1] [iter 5] [sequential] issues: 'Fairy-tale stuff' adds cutesy whimsy not in source's neutral μυθῶδες (fable/mythical); 'skips what makes sense' dilutes αὐθαδῶς περιφρονῇ (arrogantly scorns plausible) to evasion vs. disdain; personifies myth as 'it' stubbornly acting, which feels slightly forced vs. direct outcome phrasing; 'listeners' fits oral context but refs use 'readers' for broader modernity.[0m
[91m[paragraph 1] [iter 5] [sequential] revision plan: Replace 'fairy-tale stuff' with 'mythical parts' or 'made-up stories'; change 'stubbornly skips what makes sense' to 'stubbornly ignores what seems true'; shift 'won't blend with what could really happen' to 'won't mix with what could be real'; update 'listeners' to 'readers'; rephrase opener to 'I hope we can use reason to clean the mythical parts until they look like real history'; test full: 'I hope we can use reason to clean the made-up stories until they look like real history. But if they stubbornly ignore what seems true and won't mix with what could be real, we'll need kind readers who welcome old tales with patience.'[0m
[91m[paragraph 1] [iter 5] [sequential] judgment scores: faithfulness=8, readability=9, modernity=9[0m
[94m[paragraph 1] [iter 6] translate...[0m
[96m[paragraph 1] [iter 6] [sequential] observations: a) Kid restate: I hope we can use smart thinking to clean up the pretend story parts so they look like real history. But if those parts won't mix with stuff that could really happen, we need nice people who patiently like old stories. b) Source sketch: May-it-be then to-us purifying-by-reason the-mythical having-obeyed and taken history's-appearance, where-but if arrogantly scorns the-plausible and not-receives the-toward-likely mixing, we-shall-beg good-minded hearers and gently welcoming the-antiquities-study. c) Candidates: 'I wish we could scrub myths with logic to make them seem historical, but when they snub what's believable and dodge real possibilities, beg patient readers for ancient lore.' (breaks with 'snub/dodge'); 'Reason should wash away the fairy tale bits for a historical look—unless they defiantly reject plausibility, then kind folks needed for old tales.' (syntax break); 'Hoping to reason-clean myths into history guise; stubbornly implausible ones need indulgent audience.'[0m
[96m[paragraph 1] [iter 6] [sequential] translation:[0m
[96mI hope we can use reason to clean the made-up stories until they look like real history. But if they stubbornly ignore what seems true and won't mix with what could be real, we'll need kind readers who welcome old tales with patience.[0m
[96m[paragraph 1] [iter 6] [sequential] translation self-scores: faithfulness=9, readability=10, modernity=9[0m
[94m[paragraph 1] [iter 6] self-judge...[0m
[91m[paragraph 1] [iter 6] [sequential] judgment: Very strong for a 7yo audience: captures core wish-contrast faithfully in plain modern English, but minor personification and vague everyday terms slightly dilute clarity.[0m
[91m[paragraph 1] [iter 6] [sequential] strengths: Smooth two-clause flow with natural 'I hope... But if...' mirroring source optative-contrast; kid-level vocab like 'made-up stories' and 'real history' concretely renders 'mythos' and 'historia's opsis'; preserves begging indulgent readers without dropping core relation.[0m
[91m[paragraph 1] [iter 6] [sequential] issues: Personifies 'stories' as 'they' who 'stubbornly ignore/mix' (forced for kids, vs source's neuter mythos); 'what seems true/could be real' vaguely abstracts 'pithanou/eikos' instead of direct 'believable/likely things'; 'patience' softens 'praos' mildly but risks cutesy tone over dignified plainness.[0m
[91m[paragraph 1] [iter 6] [sequential] revision plan: 1. First sentence: 'I hope we can use clear thinking to scrub the fairy tales clean until they look like true history.' (fairy tales for mythos familiarity; scrub for ekkathairomai vividness). 2. Second: 'But if they won't fit with believable things no matter what, we'll need kind listeners who patiently accept ancient stories.' (drops personified 'stubbornly ignore/mix' for direct outcome 'won't fit'; 'believable things' plains pithanon/eikos; 'listeners' nods akroatai; 'ancient stories' dignifies archaeologia).[0m
[91m[paragraph 1] [iter 6] [sequential] judgment scores: faithfulness=9, readability=8, modernity=10[0m
[95m[paragraph 1] final sequential translation:[0m
[95mI hope to use reason to clean up the make-believe parts so they look like real history. But wherever the make-believe stubbornly refuses to be believable and won't mix with what's possible, I'll need kind readers who gently accept the old records.[0m
[95m[paragraph 1] selected iteration: 4[0m
[95m[paragraph 1] final polish notes: Simplified 'ignores what's believable' to 'refuses to be believable' for direct plain language; smoothed clause flow for smooth readability by a 7-year-old while keeping dignified tone and exact contrasts.[0m
[95m[paragraph 1] final sequential judgment: Simplified 'ignores what's believable' to 'refuses to be believable' for direct plain language; smoothed clause flow for smooth readability by a 7-year-old while keeping dignified tone and exact contrasts.[0m
[95m[paragraph 1] final sequential scores: faithfulness=10, readability=10, modernity=9[0m
I hope to use reason to clean up the make-believe parts so they look like real history. But wherever the make-believe stubbornly refuses to be believable and won't mix with what's possible, I'll need kind readers who gently accept the old records.

Wrote p3_tune_run33.json
Wrote p3_tune_run33.md
