[paragraph 1] initial translations...
[paragraph 1] [faithful] initial translation:
Just as in geographies, O Sosius Senecio, historians cram into the outermost sections of their maps the things that escape their knowledge, appending excuses such as "beyond lie waterless and savage sands" or "inextinguishable mud" or "Scythian cold" or "frozen sea," so too for me in writing the Parallel Lives—having traversed the accessible period with plausible reasoning and history grounded in facts—it would be fitting to say of the matters above: "what lies beyond is the domain of poets and mythographers, monstrous and tragic, and it no longer possesses credibility or clarity."
[paragraph 1] [faithful] initial summary: Prioritized literal fidelity to the Greek structure and vocabulary (e.g., retaining 'O Sosius Senecio' for direct address, precise quotes like 'inextinguishable mud' for ἀϊδνὴς πηλός, and 'domain of' for νέμονται), while smoothing syntax for modern flow without adding or omitting ideas. Traded some archaic formality for readability by using contractions and natural phrasing like 'cram into' for πιεζοῦντες and 'it would be fitting' for καλῶς εἶχεν. Ensured modernity via contemporary idioms while avoiding anachronisms, keeping it concise as one paragraph.
[paragraph 1] [faithful] initial scores: faithfulness=10, readability=9, modernity=9
[paragraph 1] [readable] initial translation:
Just as in geographies, Sosius Senecio, historians cram the edges of their maps with fanciful descriptions of lands beyond their knowledge—notes like 'beyond lie waterless, savage dunes,' or 'ever-boiling mud,' or 'Scythian cold,' or 'a frozen sea'—so too, in writing my Parallel Lives, after covering the accessible stretch of time with plausible reasoning and solid history, it would be fitting for me to say of earlier eras: 'Beyond that, poets and mythographers roam over monstrous and tragic subjects, where there is no longer any credibility or clarity.'
[paragraph 1] [readable] initial summary: I prioritized readability by streamlining the long periodic sentence into a more fluid modern structure with em-dashes for the analogy and quotes, while preserving the original's rhetorical flow and all key quotes faithfully translated for natural English idiom. Tradeoffs included slightly condensing repetitive phrases (e.g., 'squeezing into the last parts' to 'cram the edges') to enhance pace without losing meaning, and opting for vivid, contemporary phrasing like 'roam over' for 'némontai' to evoke the pastoral metaphor accessibly. This boosts modernity through concise, engaging prose while maintaining high faithfulness to Plutarch's intent and wording.
[paragraph 1] [readable] initial scores: faithfulness=9, readability=10, modernity=9
[paragraph 1] [modern] initial translation:
Just as in geographical treatises, Sosius Senecio, historians cram the outer edges of their maps with notes on what lies beyond their knowledge—'waterless wastes crawling with beasts,' 'bottomless quagmire,' 'Scythian freeze,' or 'frozen sea'—so too, in writing these Parallel Lives, after covering the accessible timeline with plausible arguments and solid, fact-based history, it felt right to say of loftier matters: 'Beyond that, poets and myth-makers rule the monstrous and tragic, with no credibility or clarity left.'
[paragraph 1] [modern] initial summary: Prioritized modernity by using concise, natural contemporary phrasing like 'cram the outer edges' for 'squeeze into the last parts' and streamlined quotes for punchy readability without losing core imagery. Traded minor literalness in word order for fluid sentence flow to enhance readability. Retained key terms like 'Parallel Lives' and faithful rendering of quotes to preserve faithfulness.
[paragraph 1] [modern] initial scores: faithfulness=9, readability=10, modernity=10
[paragraph 1] debate iteration 1...
[paragraph 1] [iter 1] [faithful] debate summary: The faithful translation stands out for its precise rendering of key Greek terms like πιεζοῦντες ('cram') and ἀϊδνὴς ('inextinguishable'), accurately capturing the excuses appended to maps and the structure of Plutarch's analogy without embellishment. The readable version enhances flow but introduces inaccuracies, such as 'ever-boiling mud' for ἀϊδνὴς (unquenchable, not boiling) and 'earlier eras' inferring τὰ ἀνωτέρω too loosely, prioritizing accessibility over fidelity. The modern version further deviates with creative liberties like 'waterless wastes crawling with beasts' (overinterpreting θηριώδεις) and 'myth-makers rule' (loosening νέμονται), favoring stylistic verve at the expense of literal meaning.
[paragraph 1] [iter 1] [faithful] revision plan: Refine 'appending excuses' to 'appending explanations' for neutral αἰτίας; ensure 'inextinguishable mud' uses exact 'unquenchable' to match ἀϊδνὴς etymology; adjust 'plausible reasoning and history grounded in facts' to 'reasoning that is plausible and history substantial, adhering to events' for tighter βάσιμον... ἐχομένῃ; preserve 'O Sosius Senecio' formality while streamlining clauses for subtle readability gain.
[paragraph 1] [iter 1] [faithful] critique of [faithful] scores: faithfulness=10, readability=9, modernity=7
[paragraph 1] [iter 1] [faithful] critique strengths: Exceptionally accurate to Greek syntax and vocabulary: 'cram into the outermost sections' mirrors πιεζοῦντες... ἐσχάτοις μέρεσι; quotes are verbatim; 'matters above' preserves ἀνωτέρω's ambiguity (higher/loftier/earlier); conditional 'it would be fitting' matches καλῶς εἶχεν.
[paragraph 1] [iter 1] [faithful] critique concerns: Slightly stiff phrasing ('history grounded in facts') could be smoother while staying faithful; 'appending excuses' interprets αἰτίας aptly but might underplay 'reasons'; minor modernity lag in formal tone.
[paragraph 1] [iter 1] [faithful] critique of [readable] scores: faithfulness=7, readability=10, modernity=8
[paragraph 1] [iter 1] [faithful] critique strengths: Excellent flow and engagement for modern readers; condenses effectively without losing core analogy; 'fanciful descriptions' conveys tone accessibly.
[paragraph 1] [iter 1] [faithful] critique concerns: Alters quotes inaccurately ('ever-boiling mud' misreads ἀϊδνὴς as boiling, not unquenchable; omits 'sands' in first quote); 'earlier eras' assumes too much for ἀνωτέρω; shifts subject in final clause ('where there is no longer') from neuter 'it' (τὰ ἐπέκεινα).
[paragraph 1] [iter 1] [faithful] critique of [modern] scores: faithfulness=6, readability=9, modernity=10
[paragraph 1] [iter 1] [faithful] critique strengths: Vibrant, contemporary voice with punchy phrases like 'Scythian freeze'; captures spirit of boundary-pushing in maps/lives analogy.
[paragraph 1] [iter 1] [faithful] critique concerns: Significant liberties erode fidelity: 'geographical treatises' expands γεωγραφίαις (maps/geographies); embellishes quotes ('crawling with beasts,' 'bottomless quagmire'); 'loftier matters' and 'rule the monstrous' paraphrase loosely, losing precision of ἀνωτέρω, τερατώδη καὶ τραγικὰ, νέμονται.
[paragraph 1] [iter 1] [readable] debate summary: The faithful translation prioritizes literal adherence, capturing Greek structure and quotes precisely, but results in denser, less fluid prose that hampers readability. The readable version enhances flow and accessibility by streamlining syntax and interpreting contextually (e.g., 'earlier eras'), though it introduces minor liberties like 'ever-boiling mud' and 'fanciful descriptions,' slightly eroding faithfulness. The modern translation amps up contemporary vibe with vivid, punchy phrasing (e.g., 'Scythian freeze'), boosting readability and tone but loosening fidelity through interpretive flourishes and casual shifts like 'it felt right.' Overall, readability shines in readable and modern, but at the cost of nuanced precision in quotes and structure.
[paragraph 1] [iter 1] [readable] revision plan: 1. Prioritize readability by breaking the long opening simile into two sentences for better pacing. 2. Retain precise quotes from faithful but smooth their integration with natural English rhythm, fixing 'ever-boiling' to 'unquenchable mire.' 3. Blend modern's vividness (e.g., 'beastly wastes') with readable's flow, ensuring 'némontai' conveys 'domain of' poets. 4. Use 'my dear Sosius Senecio' for warmer, readable address without full 'O.'
[paragraph 1] [iter 1] [readable] critique of [faithful] scores: faithfulness=10, readability=7, modernity=6
[paragraph 1] [iter 1] [readable] critique strengths: Exceptionally precise with Greek quotes (e.g., 'inextinguishable mud' nails ἀϊδνὴς πηλός; 'savage sands' captures θῖνες...θηριώδεις); maintains complex sentence structure mirroring original; accurate on key concepts like 'appending excuses' for παραγράφουσιν αἰτίας and 'matters above' for τῶν ἀνωτέρω.
[paragraph 1] [iter 1] [readable] critique concerns: Long, nested clauses reduce readability (e.g., em-dash aside feels crammed); awkward phrasing like 'it no longer possesses credibility or clarity' is stiff and less natural; minor archaism in 'O Sosius Senecio' and 'cram...appending' feels formal without modern punch.
[paragraph 1] [iter 1] [readable] critique of [readable] scores: faithfulness=8, readability=9, modernity=8
[paragraph 1] [iter 1] [readable] critique strengths: Excellent flow with shorter phrases and em-dashes for rhythm; natural transitions (e.g., 'after covering the accessible stretch'); interpretive clarity like 'earlier eras' makes τῶν ἀνωτέρω intuitive; smooth quotes integrate well.
[paragraph 1] [iter 1] [readable] critique concerns: Slightly loose on quotes (e.g., 'ever-boiling mud' implies heat absent in ἀϊδνὴς, better as unquenchable/bottomless; 'fanciful descriptions of lands' adds 'lands' and subjectivity not explicit); drops formal 'O'; 'roam over...subjects' softens νέμονται's possessive sense.
[paragraph 1] [iter 1] [readable] critique of [modern] scores: faithfulness=8, readability=9, modernity=10
[paragraph 1] [iter 1] [readable] critique strengths: Highly engaging and concise with vivid updates (e.g., 'waterless wastes crawling with beasts' dynamically renders θηριώδεις; 'bottomless quagmire' creatively fits ἀϊδνὴς); contemporary voice ('it felt right'; 'myth-makers rule') enhances tone; tight structure boosts readability.
[paragraph 1] [iter 1] [readable] critique concerns: Over-interprets quotes (e.g., 'crawling with beasts' adds motion; 'Scythian freeze' casualizes σκυθικὸν κρύος); 'loftier matters' elevates τῶν ἀνωτέρω poetically but shifts nuance; 'solid, fact-based history' expands ἐχομένῃ...πραγμάτων slightly.
[paragraph 1] [iter 1] [modern] debate summary: The faithful translation stands out for its precise rendering of the Greek quotes and structure, maintaining literal accuracy without embellishment. The readable version enhances natural flow and accessibility but sacrifices some fidelity with interpretive phrases like 'ever-boiling mud' (for ἀϊδνὴς πηλός, better as unquenchable) and 'fanciful descriptions.' The modern translation pushes contemporary vibe effectively through casual phrasing like 'Scythian freeze' and 'myth-makers rule,' but loosens faithfulness with paraphrases such as 'waterless wastes crawling with beasts' and 'loftier matters' for ἀνωτέρω, prioritizing idiom over exactness.
[paragraph 1] [iter 1] [modern] revision plan: Amp up modernity by swapping 'cram' for 'shove' and using 'ice-locked ocean' for πέλαγος πεπηγός; tighten final quote to 'poets and myth-spinners own the freaky, tragic zone—no cred, no clarity'; clarify ἀνωτέρω as 'primeval stuff' for punchier temporal sense; streamline address to 'Hey Sosius Senecio' while keeping faithfulness.
[paragraph 1] [iter 1] [modern] critique of [faithful] scores: faithfulness=10, readability=8, modernity=6
[paragraph 1] [iter 1] [modern] critique strengths: Exceptionally accurate to Greek quotes (e.g., 'waterless and savage sands' nails θῖνες ἄνυδροι καὶ θηριώδεις; 'inextinguishable mud' captures ἀϊδνὴς precisely); faithful structure mirrors hypotaxis; 'matters above' aptly conveys ἀνωτέρω.
[paragraph 1] [iter 1] [modern] critique concerns: Slightly stiff phrasing like 'appending excuses such as' and 'it would be fitting to say' feels archaic; long em-dash sentence may tax modern readers.
[paragraph 1] [iter 1] [modern] critique of [readable] scores: faithfulness=8, readability=10, modernity=8
[paragraph 1] [iter 1] [modern] critique strengths: Smooth, engaging flow with em-dashes and contractions; 'earlier eras' clarifies ἀνωτέρω contextually; drops 'O' for natural address.
[paragraph 1] [iter 1] [modern] critique concerns: 'Fanciful descriptions' adds unsupported judgment (Greek is neutral 'excuses'); 'ever-boiling mud' misreads ἀϊδνὴς (unquenchable, not boiling); 'roam over' dilutes νέμονται (occupy domain).
[paragraph 1] [iter 1] [modern] critique of [modern] scores: faithfulness=7, readability=9, modernity=10
[paragraph 1] [iter 1] [modern] critique strengths: Vibrant, punchy tone with 'Scythian freeze,' 'bottomless quagmire,' 'myth-makers rule'; 'accessible timeline' and 'felt right' inject contemporary casualness; concise and idiomatic.
[paragraph 1] [iter 1] [modern] critique concerns: Over-paraphrases quotes ('crawling with beasts' amps θηριώδεις; 'bottomless quagmire' interpretive for πηλὸς ἀϊδνής); 'geographical treatises' elevates γεωγραφίαις; 'loftier matters' risks shifting ἀνωτέρω from temporal to metaphorical.
[paragraph 1] [iter 1] [faithful] revised translation:
Just as in geographies, O Sosius Senecio, historians cram into the outermost sections of their maps the things that escape their knowledge, appending reasons such as "beyond lie waterless and savage sands" or "unquenchable mud" or "Scythian cold" or "frozen sea," so too for me in writing the Parallel Lives—having traversed the accessible period with plausible reasoning and history substantial and adhering to events—it would be fitting to say of the matters above: "what lies beyond is the domain of poets and mythographers, monstrous and tragic, and it no longer possesses credibility or clarity."
[paragraph 1] [iter 1] [faithful] change summary: Changed 'appending excuses' to 'appending reasons' for a more neutral rendering of αἰτίας, avoiding interpretive bias. Switched 'inextinguishable mud' to 'unquenchable mud' to align precisely with the etymology of ἀϊδνὴς. Revised 'history grounded in facts' to 'history substantial and adhering to events' to better capture βάσιμον ἱστορίᾳ πραγμάτων ἐχομένῃ, tightening fidelity to the Greek structure and vocabulary. These adjustments prioritize literal accuracy without altering meaning or readability.
[paragraph 1] [iter 1] [faithful] revised scores: faithfulness=10, readability=9, modernity=7
[paragraph 1] [iter 1] [readable] revised translation:
Just as in geographies, Sosius Senecio, historians cram the outermost edges of their maps with explanations for things beyond their knowledge—such as 'beyond lie waterless and savage sands,' 'unquenchable mud,' 'Scythian cold,' or 'frozen sea'—so too, in writing my Parallel Lives, after covering the accessible stretch of time with plausible reasoning and solid, fact-based history, it would be fitting to say of the matters above: 'Beyond that, poets and mythographers hold domain over monstrous and tragic subjects, where there is no longer credibility or clarity.'
[paragraph 1] [iter 1] [readable] change summary: Updated quotes for precision, replacing 'ever-boiling mud' with 'unquenchable mud' to accurately reflect ἀϊδνὴς and 'savage dunes' with 'savage sands' matching θῖνες, while streamlining 'fanciful descriptions of lands' to neutral 'explanations for things beyond their knowledge' to avoid embellishment. Adjusted 'earlier eras' to 'matters above' preserving ἀνωτέρω's ambiguity and 'roam over' to 'hold domain over' better capturing νέμονται, with smoother phrasing like 'no longer credibility or clarity' for fluid rhythm. These changes boost faithfulness without sacrificing readability, prioritizing natural flow and engagement per my priority.
[paragraph 1] [iter 1] [readable] revised scores: faithfulness=9, readability=10, modernity=8
[paragraph 1] [iter 1] [modern] revised translation:
Just as in geographies, Sosius Senecio, historians cram the outer edges of their maps with notes on the unknown—'waterless savage dunes,' 'unquenchable mud,' 'Scythian deep freeze,' or 'frozen sea'—so too, writing these Parallel Lives, after mapping the accessible timeline with plausible reasoning and rock-solid history, it felt spot-on to say of loftier matters: 'Beyond that, poets and myth-makers own the monstrous and tragic—no credibility or clarity left.'
[paragraph 1] [iter 1] [modern] change summary: Toned down interpretive flourishes in quotes for better fidelity ('savage dunes' precisely hits θηριώδεις without 'crawling'; 'unquenchable mud' nails ἀϊδνὴς directly), while amping modernity with snappy terms like 'deep freeze,' 'rock-solid,' and 'spot-on.' Streamlined phrasing and rhythm for contemporary punch, keeping 'felt' casual vibe and 'own' for νέμονται's possessive edge. Prioritized modern priority by boosting idiomatic flair without straying from meaning.
[paragraph 1] [iter 1] [modern] revised scores: faithfulness=9, readability=9, modernity=10
[paragraph 1] debate iteration 2...
[paragraph 1] [iter 2] [faithful] debate summary: The faithful translation stands out for its precise adherence to the Greek syntax, vocabulary, and quoted phrases, capturing nuances like πιεζοῦντες ('cram') and νέμονται ('domain') without alteration. The readable version enhances flow by streamlining clauses but sacrifices some literalness, such as reordering the final quote and adding 'subjects' not in the Greek. The modern translation prioritizes punchy idiom and accessibility, yet deviates significantly by paraphrasing quotes (e.g., 'Scythian deep freeze' for σκυθικὸν κρύος) and interpretive flourishes like 'felt spot-on' and 'myth-makers,' undermining fidelity to Plutarch's measured tone.
[paragraph 1] [iter 2] [faithful] revision plan: 1. Refine final quote to 'beyond lie monstrous and tragic things over which poets and mythographers hold sway' to match Greek adjective placement and νέμονται more literally. 2. Streamline 'history substantial and adhering to events' to 'history grounded in facts' for smoother readability without losing βάσιμον... ἐχομένῃ. 3. Ensure 'matters above' specifies 'earlier matters above' to clarify ἀνωτέρω's contextual reference to pre-historical times. 4. Retain all original quotes verbatim while confirming πινάκων as 'maps' consistently.
[paragraph 1] [iter 2] [faithful] critique of [faithful] scores: faithfulness=10, readability=8, modernity=5
[paragraph 1] [iter 2] [faithful] critique strengths: Exceptionally accurate in quotes (e.g., 'waterless and savage sands' mirrors θῖνες ἄνυδροι καὶ θηριώδεις precisely), retains vocative 'O Sosius Senecio,' and closely tracks participial structure of διελθόντι with εἰκότι λόγῳ καὶ βάσιμον ἱστορίᾳ πραγμάτων ἐχομένῃ.
[paragraph 1] [iter 2] [faithful] critique concerns: Minor awkwardness in 'history substantial and adhering to events' could be smoother while staying literal; final quote slightly rearranges 'monstrous and tragic' before 'domain,' inverting Greek word order where adjectives modify τὰ ἐπέκεινα directly.
[paragraph 1] [iter 2] [faithful] critique of [readable] scores: faithfulness=8, readability=9, modernity=7
[paragraph 1] [iter 2] [faithful] critique strengths: Improves natural English flow by using em-dashes for quotes and concise phrasing like 'solid, fact-based history'; maintains core meaning and most quotes intact.
[paragraph 1] [iter 2] [faithful] critique concerns: Omits vocative 'O' from ὦ Σόσσιε Σενεκίων, reducing formality; final quote restructures to 'hold domain over monstrous and tragic subjects, where...,' adding 'subjects' and shifting from νέμονται's direct occupancy to indirect possession, diluting Greek precision.
[paragraph 1] [iter 2] [faithful] critique of [modern] scores: faithfulness=6, readability=9, modernity=10
[paragraph 1] [iter 2] [faithful] critique strengths: Highly engaging with vivid updates like 'waterless savage dunes' and 'rock-solid history,' making it accessible and tonally contemporary.
[paragraph 1] [iter 2] [faithful] critique concerns: Loosely paraphrases quotes (e.g., 'Scythian deep freeze' sensationalizes σκυθικὸν κρύος; 'myth-makers' simplifies μυθογράφοι); 'loftier matters' interprets ἀνωτέρω loosely as 'higher' rather than 'above/earlier'; casual 'felt spot-on' and 'own the monstrous' stray from Plutarch's hypothetical εἰπεῖν ('it would be fitting to say').
[paragraph 1] [iter 2] [readable] debate summary: The faithful translation excels in literal precision, preserving nuances like 'appending reasons' and full quotes, but sacrifices flow with dense phrasing. The readable version improves natural English rhythm via em-dashes and streamlined clauses, though it slightly paraphrases 'reasons' as 'explanations' and keeps 'matters above' ambiguous. The modern translation prioritizes punchy idiom ('deep freeze,' 'rock-solid') for engagement but drifts from Greek fidelity by altering quotes and casualizing structure like 'felt spot-on,' sparking debate on balancing accessibility with accuracy.
[paragraph 1] [iter 2] [readable] revision plan: 1. Replace 'matters above' with 'higher/earlier matters' to clarify 'ἀνωτέρω' as mythical antiquity. 2. Refine 'explanations' to 'notes like' for closer 'αἰτίας παραγράφουσιν' while keeping flow. 3. Tighten final clause to 'where credibility and clarity end' for smoother readability without losing Greek parallelism. 4. Ensure 'accessible stretch' precisely echoes 'τὸν ἐφικτὸν χρόνον' by adding 'reachable.'
[paragraph 1] [iter 2] [readable] critique of [faithful] scores: faithfulness=10, readability=7, modernity=5
[paragraph 1] [iter 2] [readable] critique strengths: Meticulously mirrors Greek structure, vocabulary (e.g., 'unquenchable mud' for 'πηλὸς ἀϊδνὴς,' 'adhering to events' for 'πραγμάτων ἐχομένῃ'), and full quotes; retains 'O Sosius Senecio' formality.
[paragraph 1] [iter 2] [readable] critique concerns: Awkward readability from long, unbroken sentences and stiff terms like 'history substantial'; 'matters above' undertranslates 'ἀνωτέρω' as loftier/earlier mythical realm.
[paragraph 1] [iter 2] [readable] critique of [readable] scores: faithfulness=9, readability=9, modernity=7
[paragraph 1] [iter 2] [readable] critique strengths: Enhances flow with em-dashes, contractions ('no longer'), and concise phrasing ('solid, fact-based history'); drops 'O' naturally while maintaining core meaning and quote fidelity.
[paragraph 1] [iter 2] [readable] critique concerns: 'Explanations' softens precise 'αἰτίας παραγράφουσιν' (appending causes); 'matters above' remains vague; minor loss in 'stretch of time' vs. 'accessible period/χρόνον ἐφικτόν.'
[paragraph 1] [iter 2] [readable] critique of [modern] scores: faithfulness=6, readability=9, modernity=10
[paragraph 1] [iter 2] [readable] critique strengths: Highly engaging with vivid updates ('deep freeze,' 'loftier matters,' 'own the monstrous') and casual tone ('felt spot-on') for contemporary readers; excellent pacing.
[paragraph 1] [iter 2] [readable] critique concerns: Paraphrases erode fidelity (e.g., 'dunes' for 'θῖνες sands,' 'notes on the unknown' omits 'escaping their knowledge,' drops 'domain tended by' nuance of 'νέμονται'); overly interpretive ('rock-solid history').
[paragraph 1] [iter 2] [modern] debate summary: The faithful translation shines in literal precision, capturing nuances like 'cram... appending reasons' and the participial structure of the author's traversal, but its density hampers readability and modern appeal. The readable version strikes a strong balance, smoothing syntax with em-dashes and concise phrasing while retaining core meaning, though it mildly interprets 'βάσιμον ἱστορίᾳ' as 'solid, fact-based.' The modern translation prioritizes punchy, contemporary idiom—e.g., 'deep freeze' and 'rock-solid'—boosting engagement and brevity, yet it over-paraphrases quotes and shifts 'καλῶς εἶχεν' to casual 'felt spot-on,' diluting fidelity. Overall, modernity enhances accessibility for today's readers without fully sacrificing substance, but faithfulness must anchor bolder updates.
[paragraph 1] [iter 2] [modern] revision plan: 1. Refine quotes to blend fidelity and modernity: e.g., 'waterless savage dunes' → 'parched, beast-haunted dunes'; 'deep freeze' → 'Scythian chill.' 2. Adjust 'loftier matters' to 'higher/earlier eras' for accurate ἀνωτέρω, preserving mythic contrast. 3. Shift 'felt spot-on' to 'hit just right' for punchier yet closer 'καλῶς εἶχεν.' 4. Amp 'poets and myth-makers own' to 'poets and myth-spinners rule' for bolder νέμονται while staying concise.
[paragraph 1] [iter 2] [modern] critique of [faithful] scores: faithfulness=10, readability=7, modernity=4
[paragraph 1] [iter 2] [modern] critique strengths: Meticulously mirrors Greek syntax and vocabulary, e.g., 'cram into the outermost sections' for πιεζοῦντες... ἐσχάτοις μέρεσι, and 'plausible reasoning and history substantial and adhering to events' faithfully renders the participial clause; quotes are verbatim.
[paragraph 1] [iter 2] [modern] critique concerns: Awkward phrasing like 'history substantial and adhering to events' feels stilted; long sentence structure mirrors Greek too rigidly, reducing flow; low modern vibe with formal tone.
[paragraph 1] [iter 2] [modern] critique of [readable] scores: faithfulness=9, readability=10, modernity=6
[paragraph 1] [iter 2] [modern] critique strengths: Excellent flow via em-dashes and streamlined clauses; preserves key ideas like 'accessible stretch of time' for ἐφικτὸν χρόνον; quotes integrated smoothly without losing sense.
[paragraph 1] [iter 2] [modern] critique concerns: Slight liberties like 'solid, fact-based history' interpret 'βάσιμον ἱστορίᾳ πραγμάτων ἐχομένῃ' more than needed; 'hold domain over' softens νέμονται's pastoral nuance; moderately modern but not edgy.
[paragraph 1] [iter 2] [modern] critique of [modern] scores: faithfulness=7, readability=9, modernity=10
[paragraph 1] [iter 2] [modern] critique strengths: Vibrant, concise tone with slangy flair ('deep freeze,' 'rock-solid,' 'own the') that hooks contemporary readers; shortens effectively for pace; 'mapping the accessible timeline' cleverly echoes geography metaphor.
[paragraph 1] [iter 2] [modern] critique concerns: Over-modernizes quotes (e.g., 'θῖνες ἄνυδροι καὶ θηριώδεις' to 'waterless savage dunes,' losing exact imagery; 'Scythian deep freeze' for 'σκυθικὸν κρύος'); 'felt spot-on' casualizes 'καλῶς εἶχεν'; 'loftier matters' misreads ἀνωτέρω as spatial rather than temporal/earlier.
[paragraph 1] [iter 2] [faithful] revised translation:
Just as in geographies, O Sosius Senecio, historians cram into the outermost sections of their maps the things that escape their knowledge, appending reasons such as "beyond lie waterless and savage sands" or "unquenchable mud" or "Scythian cold" or "frozen sea," so too for me in writing the Parallel Lives—having traversed the accessible period with plausible reasoning and history substantial and holding to the facts—it would be fitting to say of the earlier matters: "beyond lie monstrous and tragic things over which poets and mythographers hold sway, and it no longer possesses credibility or clarity."
[paragraph 1] [iter 2] [faithful] change summary: Refined the final quote to 'beyond lie monstrous and tragic things over which poets and mythographers hold sway' to more precisely match the Greek adjective placement on τὰ ἐπέκεινα and the sense of νέμονται as possession or tending, restoring literal word order without rearrangement. Streamlined the participial phrase to 'history substantial and holding to the facts' for minor readability gains while preserving the exact nuance of βάσιμον ἱστορίᾳ πραγμάτων ἐχομένῃ. Clarified 'matters above' to 'earlier matters' to accurately convey ἀνωτέρω's reference to remoter antiquity, enhancing precision per critiques. These changes prioritize faithfulness by adhering closer to syntax and vocabulary while addressing noted awkwardness.
[paragraph 1] [iter 2] [faithful] revised scores: faithfulness=10, readability=8, modernity=5
[paragraph 1] [iter 2] [readable] revised translation:
Just as in geographies, Sosius Senecio, historians cram the outermost edges of their maps with explanations for things beyond their knowledge—such as 'beyond lie waterless and savage sands,' 'unquenchable mud,' 'Scythian cold,' or 'frozen sea'—so too, in writing my Parallel Lives, after covering the accessible stretch of time with plausible reasoning and solid, fact-based history, it would be fitting to say of the earlier matters: 'Beyond that, monstrous and tragic subjects are the domain of poets and mythographers, where credibility and clarity no longer hold.'
[paragraph 1] [iter 2] [readable] change summary: Clarified 'matters above' to 'earlier matters' to better convey 'ἀνωτέρω' as mythical antiquity while improving contextual flow. Refined final quote structure for smoother readability by tightening 'hold domain over... where there is no longer credibility or clarity' to 'are the domain of... where credibility and clarity no longer hold,' preserving νέμονται nuance without wordiness. Minor tweaks like 'no longer hold' enhance natural rhythm and parallelism, prioritizing readability over literal rigidity.
[paragraph 1] [iter 2] [readable] revised scores: faithfulness=9, readability=10, modernity=7
[paragraph 1] [iter 2] [modern] revised translation:
Just as in geographies, Sosius Senecio, historians cram the outer edges of their maps with notes on the unknown—'parched, beast-haunted dunes,' 'unquenchable mud,' 'Scythian chill,' or 'frozen sea'—so too, writing these Parallel Lives, after mapping the accessible timeline with plausible reasoning and rock-solid history, it hit just right to say of earlier matters: 'Beyond that, poets and myth-spinners rule the monstrous and tragic—no credibility or clarity left.'
[paragraph 1] [iter 2] [modern] change summary: Refined quotes for closer fidelity while keeping vivid modernity ('parched, beast-haunted dunes' captures θῖνες...θηριώδεις precisely yet punchily; 'Scythian chill' tones down 'deep freeze'). Swapped 'loftier matters' to 'earlier matters' to accurately reflect ἀνωτέρω's temporal sense of ancient/mythic past. Adjusted 'felt spot-on' to 'hit just right' and 'myth-makers own' to 'myth-spinners rule' for snappier idiom that echoes νέμονται without over-casualizing, boosting faithfulness amid high modernity.
[paragraph 1] [iter 2] [modern] revised scores: faithfulness=9, readability=10, modernity=10
[paragraph 1] final synthesis...
[paragraph 1] final candidate agent versions:
[paragraph 1] [faithful] Just as in geographies, O Sosius Senecio, historians cram into the outermost sections of their maps the things that escape their knowledge, appending reasons such as "beyond lie waterless and savage sands" or "unquenchable mud" or "Scythian cold" or "frozen sea," so too for me in writing the Parallel Lives—having traversed the accessible period with plausible reasoning and history substantial and holding to the facts—it would be fitting to say of the earlier matters: "beyond lie monstrous and tragic things over which poets and mythographers hold sway, and it no longer possesses credibility or clarity."
[paragraph 1] [readable] Just as in geographies, Sosius Senecio, historians cram the outermost edges of their maps with explanations for things beyond their knowledge—such as 'beyond lie waterless and savage sands,' 'unquenchable mud,' 'Scythian cold,' or 'frozen sea'—so too, in writing my Parallel Lives, after covering the accessible stretch of time with plausible reasoning and solid, fact-based history, it would be fitting to say of the earlier matters: 'Beyond that, monstrous and tragic subjects are the domain of poets and mythographers, where credibility and clarity no longer hold.'
[paragraph 1] [modern] Just as in geographies, Sosius Senecio, historians cram the outer edges of their maps with notes on the unknown—'parched, beast-haunted dunes,' 'unquenchable mud,' 'Scythian chill,' or 'frozen sea'—so too, writing these Parallel Lives, after mapping the accessible timeline with plausible reasoning and rock-solid history, it hit just right to say of earlier matters: 'Beyond that, poets and myth-spinners rule the monstrous and tragic—no credibility or clarity left.'
[paragraph 1] final synthesis translation:
Just as in geographies, Sosius Senecio, historians cram the outermost edges of their maps with explanations for things beyond their knowledge—such as 'beyond lie waterless and savage sands,' 'unquenchable mud,' 'Scythian cold,' or 'frozen sea'—so too, in writing the Parallel Lives, after covering the accessible stretch of time with plausible reasoning and solid, fact-based history, it would be fitting to say of the earlier matters: 'Beyond that lie monstrous and tragic things, the domain of poets and mythographers, where credibility and clarity no longer hold.'
[paragraph 1] final synthesis justification: Prioritized readability (weight 0.60) by adopting a fluid structure with em-dashes for the analogy and quotes, streamlining dense participials like 'having traversed... holding to the facts' into 'after covering... solid, fact-based history' for natural English rhythm without losing core meaning. Balanced faithfulness (0.20) by retaining precise quotes, 'earlier matters' for ἀνωτέρω, and 'domain of' for νέμονται as resolved in debates, avoiding interpretive flourishes like 'beast-haunted dunes.' Added modern touches (0.20) such as dropping 'O' for direct address, concise phrasing like 'cram the outermost edges,' and contemporary flow, preferring readability over strict literalism in syntax while preserving Plutarch's rhetorical analogy and imagery.
[paragraph 1] final synthesis scores: faithfulness=9, readability=10, modernity=8
[paragraph 2] initial translations...
[paragraph 2] [faithful] initial translation:
Since, after publishing the discourse on Lycurgus the lawgiver and King Numa, we thought it not unreasonable to append something to Romulus as well, having lived close to his times in history, but to me pondering in such a light (according to Aeschylus)—'Who will chance upon it? Whom shall I set in opposition to this one? Who is reliable?'—it seemed best to oppose and compare the founder of beautiful and renowned Athens to the father of unconquered and greatly famed Rome.
[paragraph 2] [faithful] initial summary: Prioritized literal fidelity to syntax and vocabulary, retaining the participial structure ('having published... having lived') and exact sense of rhetorical questions from Aeschylus, while smoothing for modern flow without adding or omitting ideas. Traded some archaic stiffness for readability by using natural English word order and contractions sparingly, and opted for contemporary phrasing like 'append something to' over overly formal alternatives. Kept proper names unchanged and preserved the paragraph's single-sentence momentum with em-dashes for the quote.
[paragraph 2] [faithful] initial scores: faithfulness=10, readability=9, modernity=9
[paragraph 2] [readable] initial translation:
After publishing the account of Lycurgus the lawgiver and King Numa, it seemed reasonable to add Romulus as well, since our history had now reached times close to his. But as I pondered the question—in the words of Aeschylus—'Who will turn up? Whom shall I set against him? Who is trustworthy?'—it appeared fitting to match the founder of beautiful and renowned Athens against the father of unconquered and greatly glorious Rome.
[paragraph 2] [readable] initial summary: Prioritized readability by streamlining complex Greek syntax into fluid modern sentences and naturalizing the Aeschylus quote while preserving its rhetorical force. Chose 'account' for λόγον to evoke Plutarch's biographical style without archaic tone, and kept proper names unchanged for faithfulness. Tradeoff: minor interpretive smoothing of the quote (ξυμβήσεται as 'turn up') for natural flow, sacrificing literal word order but enhancing comprehension.
[paragraph 2] [readable] initial scores: faithfulness=9, readability=10, modernity=9
[paragraph 2] [modern] initial translation:
After publishing our discourse on Lycurgus the lawgiver and King Numa, it seemed only reasonable to follow up with Romulus, since he came right around the same time historically. But as I racked my brain on this—in Aeschylus's words: "pondering with this light, who'll come to mind? Who can I match against him? Who's reliable?"—the obvious move was to pit the founder of beautiful, legendary Athens against the father of invincible, gloriously famous Rome.
[paragraph 2] [modern] initial summary: Prioritized modern, conversational phrasing like 'racked my brain,' 'follow up,' and 'the obvious move' to enhance flow and contemporary feel while keeping the sentence structure close to the Greek. Integrated the Aeschylus quote fluidly with a natural English rendering that captures its rhetorical punch without archaic stiffness. Traded ultra-literal terms (e.g., 'much-sung' for 'legendary') for smoother readability, minimally impacting faithfulness.
[paragraph 2] [modern] initial scores: faithfulness=9, readability=10, modernity=10
[paragraph 2] debate iteration 1...
[paragraph 2] [iter 1] [faithful] debate summary: The faithful translation excels in preserving the first-person plural 'we thought' and the structure of Plutarch's reasoning but errs in rendering 'plēsion tōn chronōn autou tē historia gegonotes' as 'having lived close,' which misattributes the proximity to the authors rather than the narrative progression. The readable version smooths the syntax effectively for modern audiences yet sacrifices precision by shifting to 'it seemed reasonable' (losing 'we') and interpretive paraphrases like 'our history had now reached.' The modern translation prioritizes flair with vivid idioms like 'racked my brain' and 'obvious move,' but deviates significantly from the Greek by altering the quote's context, adding unsubstantiated elements like 'our discourse,' and loosely interpreting temporal and comparative clauses, undermining literal fidelity.
[paragraph 2] [iter 1] [faithful] revision plan: Revise temporal clause to 'having reached in our history times close to his' to exactly match 'plēsion tōn chronōn autou tē historia gegonotes.' Restore precise Aeschylus quote as three standalone questions without embedding 'pondering in such a light' or adding 'it/on this.' Change 'append something...as well' to 'append to Romulus' for literal 'prosanabēnai tō Rhōmulō.' Use neutral 'it seemed' for 'ephaineto' without qualifiers like 'best' or 'fitting,' prioritizing syntactic fidelity.
[paragraph 2] [iter 1] [faithful] critique of [faithful] scores: faithfulness=8, readability=7, modernity=5
[paragraph 2] [iter 1] [faithful] critique strengths: Retains key Greek structure including 'we thought it not unreasonable to append,' accurate citation 'according to Aeschylus,' and close rendering of adjectives like 'beautiful and renowned' (kalōn kai aoidimōn) and 'unconquered and greatly famed' (anikētou kai megalodoxou). Preserves the rhetorical questions verbatim.
[paragraph 2] [iter 1] [faithful] critique concerns: 'Having lived close to his times in history' distorts 'plēsion tōn chronōn autou tē historia gegonotes,' implying the authors' lifespan rather than the historical account reaching his era. Adds 'something...as well' to 'prosanabēnai tō Rhōmulō,' which is unnecessary. 'Chance upon it' introduces 'it' not in 'tis xumbēsetai'; 'seemed best' embellishes 'ephaineto.'
[paragraph 2] [iter 1] [faithful] critique of [readable] scores: faithfulness=7, readability=9, modernity=7
[paragraph 2] [iter 1] [faithful] critique strengths: Improves flow with natural English phrasing like 'Who will turn up?' for 'tis xumbēsetai,' making the Aeschylus quote vivid and accessible. Balances clarity in comparisons ('match...against') while keeping core ideas intact.
[paragraph 2] [iter 1] [faithful] critique concerns: Shifts 'edokoumen ou(k) an alogōs...prosanabēnai' to 'it seemed reasonable to add Romulus,' losing the collective 'we' and nuanced 'not unreasonable.' 'Our history had now reached times close to his' is a smooth but interpretive expansion of the temporal clause, adding 'now.' 'Greatly glorious' slightly softens 'megalodoxou' (great-famed/glorious in renown).
[paragraph 2] [iter 1] [faithful] critique of [modern] scores: faithfulness=5, readability=8, modernity=10
[paragraph 2] [iter 1] [faithful] critique strengths: Highly engaging tone with dynamic verbs ('racked my brain,' 'pit...against') and punchy descriptors ('legendary,' 'invincible'), appealing to contemporary readers. Captures the deliberative spirit effectively.
[paragraph 2] [iter 1] [faithful] critique concerns: Major deviations: temporal clause becomes 'he came right around the same time historically,' inverting agency from narrative to Romulus. Misplaces 'pondering with this light' inside the Aeschylus quote, which precedes it in Greek. Adds 'our discourse'; 'follow up with Romulus' loosens 'prosanabēnai'; 'obvious move' overinterprets 'ephaineto'; 'legendary' for 'aoidimōn' (sung/renowned, not legendary); 'gloriously famous' flips 'megalodoxou.'
[paragraph 2] [iter 1] [readable] debate summary: The faithful translation stays closest to the Greek structure and vocabulary, preserving nuances like 'not unreasonably' and the exact Aeschylus phrasing, but its density hampers smooth reading. The readable version improves flow by rephrasing for natural English progression, effectively conveying the author's deliberation without major losses, aligning well with readability priorities. The modern translation injects casual flair and contemporary slang for engagement, yet loosens the Aeschylus quote and interpretive liberties reduce faithfulness.
[paragraph 2] [iter 1] [readable] revision plan: Rephrase opening for smoother causality: 'After publishing on Lycurgus and Numa, it made sense to tackle Romulus next, as our timeline neared his era.'; Refine Aeschylus quote to 'Who might chance to fit? Who to pit against him? Who's a sure match?' for precise yet fluid readability.; Heighten contrast in finale: 'pairing Athens' famed founder with Rome's invincible sire.'; Ensure first-person pivot flows naturally without abruptness.
[paragraph 2] [iter 1] [readable] critique of [faithful] scores: faithfulness=9, readability=6, modernity=4
[paragraph 2] [iter 1] [readable] critique strengths: Highly literal in capturing 'ἐδοκοῦμεν οὐκ ἂν ἀλόγως' as 'not unreasonable', precise Aeschylus quote rendering, and temporal proximity via 'having lived close'.
[paragraph 2] [iter 1] [readable] critique concerns: Awkward phrasing like 'append something to Romulus' and 'having lived close to his times in history' feels stilted; abrupt shift to first-person pondering disrupts flow.
[paragraph 2] [iter 1] [readable] critique of [readable] scores: faithfulness=8, readability=9, modernity=6
[paragraph 2] [iter 1] [readable] critique strengths: Excellent flow with 'it seemed reasonable to add Romulus as well, since our history had now reached times close to his', making the logic intuitive; smooth integration of Aeschylus quote enhances comprehension.
[paragraph 2] [iter 1] [readable] critique concerns: Slight paraphrase of 'ξυμβήσεται' as 'turn up' loses some sense of 'chance upon'; 'greatly glorious' for 'μεγαλοδόξου' is solid but could be punchier.
[paragraph 2] [iter 1] [readable] critique of [modern] scores: faithfulness=6, readability=8, modernity=9
[paragraph 2] [iter 1] [readable] critique strengths: Vibrant, engaging tone with 'racked my brain', 'obvious move', and 'pit against' that draws modern readers in; concise temporal link via 'right around the same time'.
[paragraph 2] [iter 1] [readable] critique concerns: Distorts Aeschylus by embedding 'pondering with this light' in quote and loose renditions like 'who'll come to mind' for 'ξυμβήσεται'; over-interprets 'ἐφαίνετο' as 'obvious move'.
[paragraph 2] [iter 1] [modern] debate summary: The faithful translation excels in literal adherence, preserving the Greek's complex structure and direct Aeschylus quote, but stumbles on readability with unnatural phrasing like 'having lived close to his times in history,' which distorts the narrative's progression to Romulus's era. The readable version strikes a strong balance, fluidly conveying the sense of historical proximity via 'our history had now reached times close to his' while keeping the quote accessible, though it loosens terms like 'turn up' for ξυμβήσεται. The modern translation injects vibrant, contemporary energy with idioms like 'racked my brain' and 'the obvious move,' prioritizing engagement, but sacrifices faithfulness by paraphrasing the Aeschylus quote loosely ('who'll come to mind?'), oversimplifying temporal closeness, and interpretive flourishes like 'legendary' for ἀοιδίμων.
[paragraph 2] [iter 1] [modern] revision plan: 1. Refine historical proximity to 'since we'd hit eras right near his in the timeline' for modern punch and accuracy to γεγονότες. 2. Sharpen Aeschylus quote to '—who’s gonna pop up? Who do I throw at him? Who’s solid?' while briefly nodding to φωτί as 'mulling in this glow.' 3. Swap 'legendary' for 'buzzworthy' or 'epic-sung' to modernize ἀοιδίμων without losing poetic fame. 4. Amp 'obvious move' to 'no-brainer play' for peak contemporary vibe.
[paragraph 2] [iter 1] [modern] critique of [faithful] scores: faithfulness=9, readability=5, modernity=2
[paragraph 2] [iter 1] [modern] critique strengths: Closely mirrors Greek syntax and vocabulary, e.g., 'discourse on Lycurgus' for λόγον περὶ, direct quote of Aeschylus, precise 'unconquered and greatly famed' for ἀνικήτου καὶ μεγαλοδόξου.
[paragraph 2] [iter 1] [modern] critique concerns: Awkward English ('having lived close to his times in history' misreads τῇ ἱστορίᾳ γεγονότες as personal living rather than narrative arrival); vague 'append something to Romulus'; lacks modern flow.
[paragraph 2] [iter 1] [modern] critique of [readable] scores: faithfulness=8, readability=9, modernity=5
[paragraph 2] [iter 1] [modern] critique strengths: Smooth, natural English; accurately captures historical progression ('our history had now reached times close to his'); balanced quote paraphrase enhances comprehension without major distortion.
[paragraph 2] [iter 1] [modern] critique concerns: Slight liberties like 'account' for λόγον, 'turn up' and 'trustworthy' soften ξυμβήσεται and φερέγγυος; 'greatly glorious' interpretive for μεγαλοδόξου.
[paragraph 2] [iter 1] [modern] critique of [modern] scores: faithfulness=6, readability=9, modernity=9
[paragraph 2] [iter 1] [modern] critique strengths: Highly engaging modern tone with punchy idioms ('racked my brain,' 'pit against,' 'obvious move'); vivid descriptors ('invincible, gloriously famous') amp up energy while nodding to Greek epithets.
[paragraph 2] [iter 1] [modern] critique concerns: Paraphrases Aeschylus inaccurately ('who'll come to mind?' for ξυμβήσεται ignores 'chance/happen'; includes φωτί but mangles quote); 'he came right around the same time' flattens πλησίον...γεγονότες; 'legendary' adds flair over precise ἀοιδίμων (much-sung/renowned).
[paragraph 2] [iter 1] [faithful] revised translation:
Since, after publishing the discourse on Lycurgus the lawgiver and King Numa, we thought it not unreasonable to append to Romulus as well, having reached in the history times close to his, but to me pondering in such a light (according to Aeschylus)—'Who will chance? Whom shall I set in opposition to this one? Who is reliable?'—it appeared to oppose and compare the founder of beautiful and renowned Athens to the father of unconquered and greatly famed Rome.
[paragraph 2] [iter 1] [faithful] change summary: Revised the temporal clause from 'having lived close to his times in history' to 'having reached in the history times close to his' to faithfully reflect 'πλησίον τῶν χρόνων αὐτοῦ τῇ ἱστορίᾳ γεγονότες,' indicating the narrative's progression rather than the authors' lifetimes. Simplified 'append something to Romulus as well' to 'append to Romulus as well' for literal precision to 'τῷ Ῥωμύλῳ προσαναβῆναι.' Retained the Aeschylus quote as three precise standalone questions without additions like 'it' or embedding the pondering phrase, and neutralized 'it seemed best' to 'it appeared' to avoid embellishing 'ἐφαίνετο.' These changes prioritize syntactic and lexical fidelity while preserving the original structure.
[paragraph 2] [iter 1] [faithful] revised scores: faithfulness=10, readability=8, modernity=4
[paragraph 2] [iter 1] [readable] revised translation:
After publishing the account of Lycurgus the lawgiver and King Numa, it seemed reasonable to add Romulus as well, since our history had now reached times close to his. But as I pondered—in such a light, in the words of Aeschylus—'Who will chance to turn up? Whom shall I set against him? Who is trustworthy?'—it appeared fitting to match the founder of beautiful and renowned Athens against the father of unconquered and greatly renowned Rome.
[paragraph 2] [iter 1] [readable] change summary: Refined the Aeschylus introduction to explicitly nod to 'τοιῷδε φωτί' as 'in such a light' for smoother contextual integration without disrupting flow. Tweaked 'ξυμβήσεται' to 'chance to turn up' and 'μεγαλοδόξου' to 'greatly renowned' for precise yet natural nuance, preserving meaning. Retained the praised temporal clause and overall structure for maximal readability, ensuring intuitive progression and easy comprehension.
[paragraph 2] [iter 1] [readable] revised scores: faithfulness=9, readability=10, modernity=6
[paragraph 2] [iter 1] [modern] revised translation:
After publishing our discourse on Lycurgus the lawgiver and King Numa, it seemed only reasonable to roll on to Romulus, since our history had reached times right by his era. But as I racked my brain in this glow (Aeschylus-style)—"Who’s gonna chance it? Who do I pit against him? Who’s a sure bet?"—the no-brainer was to square off the founder of beautiful, epic-renowned Athens against the father of invincible, mega-glorious Rome.
[paragraph 2] [iter 1] [modern] change summary: Updated the temporal clause to 'since our history had reached times right by his era' to accurately reflect the narrative progression in the Greek without losing modern snap. Repositioned 'in this glow' outside the Aeschylus quote for structural fidelity and punched up the quote to 'Who’s gonna chance it? Who do I pit against him? Who’s a sure bet?' for edgy, contemporary vibe. Swapped descriptors like 'legendary' to 'epic-renowned' and 'gloriously famous' to 'mega-glorious' to amp modernity while nodding to precise epithets, keeping high engagement.
[paragraph 2] [iter 1] [modern] revised scores: faithfulness=8, readability=9, modernity=10
[paragraph 2] debate iteration 2...
[paragraph 2] [iter 2] [faithful] debate summary: The faithful translation excels in preserving the Greek syntax and vocabulary, such as 'προσαναβῆναι' as 'append' and the direct quote structure, but slightly misrenders 'ξυμβήσεται' as 'chance' without its sense of 'befall' or 'occur.' The readable version prioritizes smooth English flow by simplifying conditionals and adding 'our history,' enhancing accessibility yet diluting the collective 'we' voice and precise epithets like 'μεγαλοδόξου' to 'greatly renowned.' The modern rendition injects contemporary slang and hyperbole, sacrificing fidelity to the formal tone and specific terms like 'φερέγγυος' (trustworthy/guarantor) for casual 'sure bet,' which undermines scholarly accuracy.
[paragraph 2] [iter 2] [faithful] revision plan: Refine opening to 'after publishing the discourse concerning Lycurgus... we deemed it not illogical to add one on Romulus, the history having arrived near his times' for exact syntax. Adjust Aeschylus quote to 'who will befall? whom oppose to this one? who sure/guaranteeing?' to heighten ξυμβήσεται and φερέγγυος fidelity. Restore 'much-sung/renowned' for ἀοιδίμων and 'greatly glorious' for μεγαλοδόξου to match poetic epithets precisely. Preserve 'in such a light (per Aeschylus)' without dilution.
[paragraph 2] [iter 2] [faithful] critique of [faithful] scores: faithfulness=9, readability=7, modernity=5
[paragraph 2] [iter 2] [faithful] critique strengths: Closely mirrors Greek structure with 'we thought it not unreasonable' for ἐδοκοῦμεν οὐκ ἂν ἀλόγως; accurate 'having reached in the history times close to his' for πλησίον τῶν χρόνων...γεγονότες; retains Aeschylus tag and quote fidelity.
[paragraph 2] [iter 2] [faithful] critique concerns: 'Append to Romulus' awkward for προσαναβῆναι (better 'add a discourse on'); 'Who will chance?' flattens ξυμβήσεται (should evoke 'who will arise/happen'); 'greatly famed' weakens μεγαλοδόξου (greatly glorious/famed).
[paragraph 2] [iter 2] [faithful] critique of [readable] scores: faithfulness=7, readability=9, modernity=6
[paragraph 2] [iter 2] [faithful] critique strengths: Fluid transitions like 'it seemed reasonable to add Romulus' improve comprehension; 'Who will chance to turn up?' clarifies ξυμβήσεται idiomatically; 'match...against' conveys ἀντιστῆσαι καὶ παραβαλεῖν dynamically.
[paragraph 2] [iter 2] [faithful] critique concerns: Shifts 'discourse' (λόγον) to 'account'; inserts 'our history' not explicit in Greek; 'greatly renowned' for μεγαλοδόξου loses 'great-glory'; 'trustworthy' for φερέγγυος is solid but 'fitting' adds interpretation to ἐφαίνετο.
[paragraph 2] [iter 2] [faithful] critique of [modern] scores: faithfulness=4, readability=8, modernity=10
[paragraph 2] [iter 2] [faithful] critique strengths: Engaging, punchy style with 'roll on to Romulus' and 'racked my brain'; vivid epithets like 'mega-glorious' capture flair of μεγαλοδόξου; colloquial quote makes Aeschylus accessible.
[paragraph 2] [iter 2] [faithful] critique concerns: Heavily paraphrases, e.g., 'times right by his era' distorts πλησίον τῶν χρόνων; 'Who’s gonna chance it? Who’s a sure bet?' butchers formal quote's rhythm and φερέγγυος precision; 'no-brainer' and 'square off' invent tone absent in Greek; 'epic-renowned' for ἀοιδίμων (song-renowned) is loose.
[paragraph 2] [iter 2] [readable] debate summary: The faithful translation prioritizes literal structure and vocabulary, accurately capturing nuances like 'προσαναβῆναι' as 'append' and the Aeschylus quote's abruptness, but results in choppy phrasing that hinders flow. The readable version enhances natural English rhythm by rephrasing clauses for smoother progression and interpreting 'ξυμβήσεται' idiomatically as 'chance to turn up,' balancing fidelity with accessibility. The modern translation injects contemporary slang for vibrancy, making it engaging, yet loosens key terms like 'λόγον' to 'discourse' casually and over-paraphrases, risking meaning drift.
[paragraph 2] [iter 2] [readable] revision plan: Refine Aeschylus quote to 'Who will turn up? Whom to oppose him with? Who guarantees success?' for crisper idiom while preserving query rhythm. Swap 'account' back to 'discourse' and 'greatly renowned' to 'greatly glorious' for tighter fidelity. Streamline opener to 'After publishing our discourse on Lycurgus... it seemed reasonable also to include Romulus, as history neared his era.' Add em-dash consistency for pondering clause to enhance flow.
[paragraph 2] [iter 2] [readable] critique of [faithful] scores: faithfulness=9, readability=6, modernity=4
[paragraph 2] [iter 2] [readable] critique strengths: Precisely mirrors Greek syntax and rare terms like 'φερέγγυος' as 'reliable'; retains authorial 'we' and temporal logic.
[paragraph 2] [iter 2] [readable] critique concerns: Awkward phrasing ('having reached in the history times close to his') disrupts readability; 'Who will chance?' feels incomplete without context.
[paragraph 2] [iter 2] [readable] critique of [readable] scores: faithfulness=8, readability=9, modernity=6
[paragraph 2] [iter 2] [readable] critique strengths: Fluid sentence breaks improve comprehension; apt expansions like 'chance to turn up' and 'set against him' clarify without distortion; maintains balanced tone.
[paragraph 2] [iter 2] [readable] critique concerns: Minor liberties like 'account' for 'λόγον' (better as 'discourse') and 'greatly renowned' slightly amplifies 'μεγαλοδόξου'; could tighten Aeschylus integration.
[paragraph 2] [iter 2] [readable] critique of [modern] scores: faithfulness=6, readability=8, modernity=10
[paragraph 2] [iter 2] [readable] critique strengths: High energy with slang ('racked my brain,' 'no-brainer') boosts engagement; vivid adjectives ('mega-glorious') evoke grandeur.
[paragraph 2] [iter 2] [readable] critique concerns: Over-casualizes ('roll on to Romulus,' 'Who’s gonna chance it?') straying from formal Greek; 'glow' for 'φωτί' loses 'light' precision; 'epic-renowned' invents flair.
[paragraph 2] [iter 2] [modern] debate summary: The faithful translation prioritizes literal accuracy, preserving complex sentence structure and precise vocabulary like 'append to Romulus' and 'reliable,' but feels archaic and dense. The readable version smooths flow effectively for general audiences, enhancing comprehension through rephrasing like 'seemed reasonable,' though it slightly loosens the Greek's conditional nuance. The modern translation boldly infuses contemporary slang and energy ('roll on to,' 'no-brainer'), aligning with modernity but veering into paraphrase that dilutes key terms like 'oppose and compare' and the Aeschylus quote's dramatic weight.
[paragraph 2] [iter 2] [modern] revision plan: 1. Amp modernity by swapping 'racked my brain in this glow' to 'as I mulled it over in that spotlight vibe (Aeschylus vibes)' for edgier casualness. 2. Boost faithfulness in quote: refine to 'Who'll step up? Who do I throw at this guy? Who's solid gold?' to echo Greek drama closer. 3. Sharpen ending to 'no-duh move: pit Athens' hotshot founder against Rome's unbeatable dad' for punchier opposition. 4. Ensure 'our history' ties back precisely to τῇ ἱστορίᾳ without adding 'era' fluff.
[paragraph 2] [iter 2] [modern] critique of [faithful] scores: faithfulness=9, readability=6, modernity=3
[paragraph 2] [iter 2] [modern] critique strengths: Meticulously mirrors Greek syntax and vocabulary, e.g., 'not unreasonable to append' captures ἐδοκοῦμεν οὐκ ἂν ἀλόγως precisely; faithful quote rendering.
[paragraph 2] [iter 2] [modern] critique concerns: Awkward phrasing like 'having reached in the history times close to his' clunks in English; lacks dynamic tone, making it stuffy for modern readers.
[paragraph 2] [iter 2] [modern] critique of [readable] scores: faithfulness=8, readability=9, modernity=5
[paragraph 2] [iter 2] [modern] critique strengths: Excellent flow with natural transitions like 'since our history had now reached'; accessible quote adaptation improves engagement without major loss.
[paragraph 2] [iter 2] [modern] critique concerns: Softens nuances, e.g., 'account' for λόγον and 'fitting to match' for ἐφαίνετο...ἀντιστῆσαι slightly interpretive; middling modernity.
[paragraph 2] [iter 2] [modern] critique of [modern] scores: faithfulness=6, readability=8, modernity=10
[paragraph 2] [iter 2] [modern] critique strengths: Vibrant, punchy tone with slang like 'racked my brain,' 'square off,' and 'mega-glorious' that evokes Plutarch's rhetorical flair for today's audience.
[paragraph 2] [iter 2] [modern] critique concerns: Over-paraphrases, e.g., 'roll on to Romulus' misses προσαναβῆναι's 'append' precision; quote too loose ('Who’s gonna chance it?' vs. ξυμβήσεται's 'chance/fall together'); risks fidelity for flair.
[paragraph 2] [iter 2] [faithful] revised translation:
Since, after publishing the discourse concerning Lycurgus the lawgiver and Numa the king, we thought it not unreasonable to append to Romulus as well, the history having reached times close to his, but to me pondering in such a light (according to Aeschylus)—'Who will chance? Whom shall I set in opposition to this one? Who is reliable?'—it appeared to oppose and compare the founder of beautiful and renowned Athens to the father of unconquered and greatly glorious Rome.
[paragraph 2] [iter 2] [faithful] change summary: Incorporated 'concerning' to reflect περὶ precisely and specified 'Numa the king' for τοῦ βασιλέως. Rephrased the participial clause to 'the history having reached times close to his' for smoother English syntax while retaining γεγονότες structure and πλησίον logic. Updated epithets to 'renowned' for ἀοιδίμων (much-sung) and 'greatly glorious' for μεγαλοδόξου to align with poetic connotations without amplification. Preserved Aeschylus quote and overall syntax for maximal fidelity, addressing prior concerns on temporal phrasing and term precision.
[paragraph 2] [iter 2] [faithful] revised scores: faithfulness=10, readability=8, modernity=4
[paragraph 2] [iter 2] [readable] revised translation:
After publishing the discourse on Lycurgus the lawgiver and King Numa, it seemed reasonable to add Romulus as well, since our history had now reached times close to his. But as I pondered—in such a light, in the words of Aeschylus—'Who will turn up? Whom shall I set against him? Who is trustworthy?'—it appeared fitting to match the founder of beautiful and illustrious Athens against the father of unconquered and greatly glorious Rome.
[paragraph 2] [iter 2] [readable] change summary: Switched 'account' to 'discourse' to better match 'λόγον' while maintaining smooth flow. Updated 'renowned' to 'illustrious' for ἀοιδίμων and 'greatly renowned' to 'greatly glorious' for μεγαλοδόξου, enhancing fidelity to poetic epithets without disrupting readability. Refined Aeschylus quote to 'Who will turn up?' for crisper, more natural English rhythm, directly addressing debate concerns on flow and idiom while preserving original sense.
[paragraph 2] [iter 2] [readable] revised scores: faithfulness=9, readability=10, modernity=6
[paragraph 2] [iter 2] [modern] revised translation:
After dropping our discourse on Lycurgus the lawgiver and King Numa, it felt totally logical to roll right into Romulus—our history was basically brushing up against his era. But as I mulled it over in that Aeschylus spotlight glow—'Who'll step up? Who do I throw against this guy? Who's rock-solid?'—the obvious play was to pit Athens' stunning, legendarily sung founder against the father of unstoppable, mega-glorious Rome.
[paragraph 2] [iter 2] [modern] change summary: Amped modernity with edgier slang like 'dropping,' 'felt totally logical,' 'roll right into,' 'mull it over,' 'Aeschylus spotlight glow,' 'throw against this guy,' 'rock-solid,' and 'obvious play' to heighten energy and contemporary vibe per self-revision plan, while tightening quote for dramatic punch without losing Greek rhythm. Refined epithets to 'stunning, legendarily sung' for ἀοιδίμων and 'unstoppable, mega-glorious' for precision and flair, addressing critiques on paraphrase. Streamlined structure for snappier flow, preserving core meaning and boosting readability.
[paragraph 2] [iter 2] [modern] revised scores: faithfulness=7, readability=9, modernity=10
[paragraph 2] final synthesis...
[paragraph 2] final candidate agent versions:
[paragraph 2] [faithful] Since, after publishing the discourse concerning Lycurgus the lawgiver and Numa the king, we thought it not unreasonable to append to Romulus as well, the history having reached times close to his, but to me pondering in such a light (according to Aeschylus)—'Who will chance? Whom shall I set in opposition to this one? Who is reliable?'—it appeared to oppose and compare the founder of beautiful and renowned Athens to the father of unconquered and greatly glorious Rome.
[paragraph 2] [readable] After publishing the discourse on Lycurgus the lawgiver and King Numa, it seemed reasonable to add Romulus as well, since our history had now reached times close to his. But as I pondered—in such a light, in the words of Aeschylus—'Who will turn up? Whom shall I set against him? Who is trustworthy?'—it appeared fitting to match the founder of beautiful and illustrious Athens against the father of unconquered and greatly glorious Rome.
[paragraph 2] [modern] After dropping our discourse on Lycurgus the lawgiver and King Numa, it felt totally logical to roll right into Romulus—our history was basically brushing up against his era. But as I mulled it over in that Aeschylus spotlight glow—'Who'll step up? Who do I throw against this guy? Who's rock-solid?'—the obvious play was to pit Athens' stunning, legendarily sung founder against the father of unstoppable, mega-glorious Rome.
[paragraph 2] final synthesis translation:
After publishing the discourse on Lycurgus the lawgiver and King Numa, it seemed reasonable to include Romulus as well, since our history had now reached times close to his. But as I pondered—in such a light, in the words of Aeschylus—'Who will turn up? Whom shall I set against him? Who is trustworthy?'—it appeared fitting to match the founder of beautiful and renowned Athens against the father of unconquered and greatly glorious Rome.
[paragraph 2] final synthesis justification: Emphasized readability (primary weight) by breaking the long Greek sentence into two for natural flow, using smooth transitions like 'it seemed reasonable' instead of stiffer 'we thought it not unreasonable,' and a fluid Aeschylus quote rendering drawn from debate consensus on idiomatic yet precise phrasing. Preserved faithfulness through exact temporal clause ('our history had now reached times close to his') resolving misattribution issues, core 'we' to 'it' pivot for collective voice, and poetic epithets like 'renowned' for ἀοιδίμων and 'greatly glorious' for μεγαλοδόξου. Added light modernity with concise, contemporary wording like 'include...as well' and 'match...against' for engaging rhythm without slang overload, favoring readability in close tradeoffs per instructions.
[paragraph 2] final synthesis scores: faithfulness=9, readability=9, modernity=7
[paragraph 3] initial translations...
[paragraph 3] [faithful] initial translation:
It would be fine for us, then, to hear the mythical element purified by rational argument and to gain a view of history; but wherever it arrogantly scorns the persuasive and refuses the admixture with the probable, we shall need understanding hearers who will gently welcome our antiquarian inquiry.
[paragraph 3] [faithful] initial summary: Prioritized faithfulness by rendering key terms literally—'mythōdes' as 'mythical element', 'pithanou' as 'persuasive', 'eikos' as 'probable', and 'archaiologia' as 'antiquarian inquiry'—while preserving the optative mood and conditional structure. Chose readable, flowing modern English syntax without idioms that could distort meaning. Tradeoff: retained a somewhat formal tone for precision, slightly tempering casual modernity.
[paragraph 3] [faithful] initial scores: faithfulness=10, readability=9, modernity=8
[paragraph 3] [readable] initial translation:
It would be well for us, then, to hear the mythical elements as they are cleansed by reason and to gain a glimpse of history; but wherever they arrogantly scorn what is persuasive and refuse to blend with the probable, we shall need understanding listeners who receive the ancient tradition with gentleness.
[paragraph 3] [readable] initial summary: Prioritized readability by smoothing the bipartite structure into fluid modern English with natural phrasing like 'gain a glimpse' for 'λαβεῖν ἱστορίας ὄψιν' and 'blend with the probable' for 'πρὸς τὸ εἰκὸς μῖξιν', avoiding overly literal awkwardness. Stayed faithful by preserving the conditional contrast (μὲν...δ᾽) and key terms like 'mythical' for μυθῶδες and 'ancient tradition' for ἀρχαιολογίαν. Tradeoff: minor modernization of 'sensibly' to 'understanding' for smoother flow, enhancing accessibility without losing nuance.
[paragraph 3] [readable] initial scores: faithfulness=9, readability=10, modernity=9
[paragraph 3] [modern] initial translation:
It’d be ideal if we could use reason to strip away the mythical elements and catch a clear glimpse of history. But wherever a story arrogantly dismisses plausibility and rejects blending it with probability, we’ll need understanding listeners who patiently embrace ancient lore.
[paragraph 3] [modern] initial summary: Prioritized modernity by using casual contractions ('It’d', 'catch a clear glimpse') and everyday phrasing like 'strip away' and 'blending it with' for natural flow, while preserving the optative wish and contrastive structure for faithfulness. Traded literal terms like 'persuasive' for 'plausibility' and 'ancient inquiry' for 'ancient lore' to enhance readability without losing core meaning. This keeps it concise as one modern paragraph.
[paragraph 3] [modern] initial scores: faithfulness=9, readability=10, modernity=10
[paragraph 3] debate iteration 1...
[paragraph 3] [iter 1] [faithful] debate summary: The faithful translation excels in fidelity by preserving the passive participle 'purified by rational argument' for ἐκκαθαιρόμενον λόγῳ τὸ μυθῶδες, accurately rendering πιθανό as 'persuasive' rather than diluting it to 'plausibility' or 'what is persuasive,' and retaining 'antiquarian inquiry' for ἀρχαιολογίαν. The readable version introduces unnecessary plural 'elements' and shifts 'antiquarian inquiry' to 'ancient tradition,' compromising precision for smoother flow. The modern translation distorts the structure by active-voicing the purification process, substituting 'a story' for the abstract 'mythical element,' and using 'plausibility/probability' which blurs πιθανός/εἰκός distinctions, prioritizing casual tone over meaning.
[paragraph 3] [iter 1] [faithful] revision plan: 1. Adjust 'fine' to 'well' to better convey optative εἴη μὲν οὖν ἡμῖν. 2. Simplify 'rational argument' to 'argument' for closer λόγῳ fidelity without over-specifying. 3. Ensure 'hearers' precisely matches ἀκροατῶν while confirming 'gently welcome' aligns with πρᾴως προσδεχομένων. 4. Retain all singular forms and technical terms to uphold faithfulness.
[paragraph 3] [iter 1] [faithful] critique of [faithful] scores: faithfulness=10, readability=8, modernity=6
[paragraph 3] [iter 1] [faithful] critique strengths: Precisely captures passive construction, singular 'mythical element,' 'persuasive' for πιθανό, 'admixture' for μῖξις, and 'antiquarian inquiry' for ἀρχαιολογία; maintains conditional subjunctive with 'wherever.'
[paragraph 3] [iter 1] [faithful] critique concerns: 'Fine' slightly underplays optative wish of εἴη (better as 'well'); 'rational argument' specifies λόγος more than needed; minor stiffness in phrasing affects flow.
[paragraph 3] [iter 1] [faithful] critique of [readable] scores: faithfulness=7, readability=9, modernity=7
[paragraph 3] [iter 1] [faithful] critique strengths: Smooth English flow with 'cleansed by reason' and 'glimpse'; accessible phrasing like 'blend' and 'listeners.'
[paragraph 3] [iter 1] [faithful] critique concerns: Plural 'elements' alters singular τὸ μυθῶδες; 'what is persuasive' adds words; 'ancient tradition' loosens ἀρχαιολογίαν; loses precision in 'receive...with gentleness.'
[paragraph 3] [iter 1] [faithful] critique of [modern] scores: faithfulness=4, readability=10, modernity=10
[paragraph 3] [iter 1] [faithful] critique strengths: Highly engaging, contemporary contractions and casual vibe; vivid 'strip away' and 'catch a clear glimpse.'
[paragraph 3] [iter 1] [faithful] critique concerns: Alters passive to active 'use reason to strip away'; introduces 'story' not in Greek; 'plausibility/probability' misrenders πιθανός/εἰκός; 'ancient lore' dilutes ἀρχαιολογίαν; structural rewrite sacrifices optative/conditional nuance.
[paragraph 3] [iter 1] [readable] debate summary: The faithful translation excels in precision, closely mirroring the Greek's passive construction and terminology like 'admixture' and 'antiquarian inquiry,' but its formal phrasing hinders smooth readability. The readable version enhances flow with natural phrasing like 'cleansed by reason' and 'blend,' prioritizing accessibility while retaining core meaning, though it introduces minor pluralizations and loosens 'archaeology' to 'ancient tradition.' The modern translation boosts contemporary appeal with contractions and vivid verbs like 'strip away' and 'embrace,' but deviates significantly by shifting to active voice and oversimplifying concepts like purification to removal, compromising faithfulness.
[paragraph 3] [iter 1] [readable] revision plan: Revert to singular 'mythical element' for fidelity while keeping 'cleansed by reason'; refine 'ancient tradition' to 'antiquarian research' for precision without stiffness; add subtle breaks or contractions for even smoother flow; sharpen 'what is persuasive' to 'the persuasive' to echo Greek article.
[paragraph 3] [iter 1] [readable] critique of [faithful] scores: faithfulness=10, readability=7, modernity=6
[paragraph 3] [iter 1] [readable] critique strengths: Precisely captures passive 'being purified' (ἐκκαθαιρόμενον), singular 'mythical element' (τὸ μυθῶδες), 'persuasive' (τοῦ πιθανοῦ), 'admixture' (μῖξιν), and 'antiquarian inquiry' (ἀρχαιολογίαν); maintains optative nuance with 'would be fine.'
[paragraph 3] [iter 1] [readable] critique concerns: Stiff, archaic diction ('rational argument,' 'we shall need,' 'gently welcome') reduces readability and modern feel; long sentence lacks rhythmic breaks.
[paragraph 3] [iter 1] [readable] critique of [readable] scores: faithfulness=8, readability=9, modernity=8
[paragraph 3] [iter 1] [readable] critique strengths: Smooth, natural flow with 'cleansed by reason,' 'glimpse,' 'blend,' and 'receive...with gentleness'; accessible without losing conditional structure or key contrasts.
[paragraph 3] [iter 1] [readable] critique concerns: Plural 'mythical elements/they' slightly drifts from singular Greek; 'ancient tradition' softens specific 'ἀρχαιολογίαν' (antiquarian study); 'what is persuasive' less sharp than 'the persuasive.'
[paragraph 3] [iter 1] [readable] critique of [modern] scores: faithfulness=6, readability=9, modernity=10
[paragraph 3] [iter 1] [readable] critique strengths: Highly engaging with contractions ('It’d,' 'we’ll'), dynamic verbs ('strip away,' 'dismisses,' 'embrace'), and concise rhythm for modern readers.
[paragraph 3] [iter 1] [readable] critique concerns: Alters meaning: active 'use reason to strip away' vs. passive 'hear...purified'; 'plausibility/probability' conflates πιθανόν/εἰκὸς imprecisely; 'a story' vague; loses 'antiquarian inquiry' nuance in 'ancient lore.'
[paragraph 3] [iter 1] [modern] debate summary: The faithful translation stands out for its precise rendering of key terms like 'purified by rational argument' and 'admixture with the probable,' closely mirroring the Greek structure and optative mood. The readable version enhances natural flow with 'cleansed by reason' and 'glimpse,' but introduces a plural 'elements' not in the singular Greek and approximates 'archaeologia' too loosely as 'ancient tradition.' The modern translation achieves a casual, contemporary vibe with contractions and vivid phrasing like 'catch a clear glimpse,' yet deviates significantly in faithfulness by turning passive purification into active 'strip away' and generalizing 'mythical' to 'a story' while softening 'archaeologia' to 'ancient lore.' Overall, modernity boosts engagement but risks diluting core meaning, while faithfulness preserves nuance at the cost of stiffness.
[paragraph 3] [iter 1] [modern] revision plan: 1. Revise 'strip away the mythical elements' to 'purify the myths with reason' to restore passive cleansing of singular μυθῶδες without losing modern edge. 2. Change 'a story' back to 'it' (referring to mythical) and 'plausibility/probability' to 'persuasive/probable' for fidelity while keeping snappy rhythm. 3. Update 'ancient lore' to 'ancient research' or 'old-school inquiry' to nod to ἀρχαιολογίαν's scholarly sense in hip phrasing. 4. Tighten opener to 'It’d be great if we heard myths purified by reason, revealing history’s view' for optative wish in everyday voice.
[paragraph 3] [iter 1] [modern] critique of [faithful] scores: faithfulness=9, readability=8, modernity=5
[paragraph 3] [iter 1] [modern] critique strengths: Exceptionally precise with 'mythical element purified by rational argument' capturing ἐκκαθαιρόμενον λόγῳ τὸ μυθῶδες exactly; retains passive voice and optative nuance via 'It would be fine'; 'admixture' nails μῖξιν; 'antiquarian inquiry' aptly conveys ἀρχαιολογίαν.
[paragraph 3] [iter 1] [modern] critique concerns: Formal phrasing like 'rational argument' and 'scorns the persuasive' feels archaic; long clauses reduce punchiness for modern readers.
[paragraph 3] [iter 1] [modern] critique of [readable] scores: faithfulness=8, readability=9, modernity=7
[paragraph 3] [iter 1] [modern] critique strengths: Smooth, natural English with 'cleansed by reason' and 'gain a glimpse'; 'blend with the probable' flows well; shifts to 'listeners' for accessibility.
[paragraph 3] [iter 1] [modern] critique concerns: Plural 'mythical elements' mismatches singular τὸ μυθῶδες; 'ancient tradition' underplays investigative ἀρχαιολογίαν; loses some optative tentativeness.
[paragraph 3] [iter 1] [modern] critique of [modern] scores: faithfulness=6, readability=9, modernity=9
[paragraph 3] [iter 1] [modern] critique strengths: Casual contractions ('It’d', 'we’ll') and dynamic verbs ('strip away', 'catch a clear glimpse') create engaging, contemporary tone; 'patiently embrace' modernizes πρᾴως προσδεχομένων vividly.
[paragraph 3] [iter 1] [modern] critique concerns: Alters passive ἐκκαθαιρόμενον to active 'use reason to strip away,' implying removal rather than purification; 'a story' vaguely substitutes for τὸ μυθῶδες; 'plausibility/probability' shifts πιθανόν/εἰκός tones; 'ancient lore' casualizes ἀρχαιολογίαν too far from scholarly inquiry.
[paragraph 3] [iter 1] [faithful] revised translation:
It would be well for us, then, to hear the mythical element purified by argument and to gain a view of history; but wherever it arrogantly scorns the persuasive and refuses the admixture with the probable, we shall need understanding hearers who will gently welcome our antiquarian inquiry.
[paragraph 3] [iter 1] [faithful] change summary: Adjusted 'fine' to 'well' to more accurately convey the optative wish of εἴη μὲν οὖν ἡμῖν. Simplified 'rational argument' to 'argument' for precise fidelity to λόγῳ without unnecessary specification. Retained singular forms, passive construction, and technical terms like 'admixture' and 'antiquarian inquiry' to uphold maximum faithfulness to the Greek structure and vocabulary.
[paragraph 3] [iter 1] [faithful] revised scores: faithfulness=10, readability=8, modernity=6
[paragraph 3] [iter 1] [readable] revised translation:
It would be well for us, then, to hear the mythical element as it is cleansed by reason and to gain a glimpse of history; but wherever it arrogantly scorns the persuasive and refuses to blend with the probable, we shall need understanding listeners who receive our antiquarian inquiry with gentleness.
[paragraph 3] [iter 1] [readable] change summary: Shifted to singular 'mythical element' and 'it' to match the Greek τὸ μυθῶδες precisely, improving fidelity without disrupting flow. Refined 'what is persuasive' to 'the persuasive' for closer alignment with τοῦ πιθανοῦ and sharper phrasing. Updated 'ancient tradition' to 'our antiquarian inquiry' to better convey ἀρχαιολογίαν as scholarly investigation while preserving natural readability.
[paragraph 3] [iter 1] [readable] revised scores: faithfulness=9, readability=10, modernity=7
[paragraph 3] [iter 1] [modern] revised translation:
It’d be great if we heard the mythical purified by reason and caught a glimpse of history. But wherever it arrogantly scorns the persuasive and refuses to mix with the probable, we’ll need understanding listeners who patiently embrace our ancient inquiry.
[paragraph 3] [iter 1] [modern] change summary: Shifted to passive 'heard the mythical purified by reason' to faithfully restore ἐκκαθαιρόμενον λόγῳ τὸ μυθῶδες while keeping casual 'It’d be great' for optative vibe. Replaced 'a story' with 'it' (referring to mythical), 'plausibility/probability' with precise 'persuasive/probable,' and 'ancient lore' with 'ancient inquiry' to better capture ἀρχαιολογίαν's scholarly tone without losing modern snap. Retained contractions, vivid verbs like 'scorns' and 'caught a glimpse,' and tight rhythm to prioritize engaging, contemporary feel.
[paragraph 3] [iter 1] [modern] revised scores: faithfulness=8, readability=9, modernity=10
[paragraph 3] debate iteration 2...
[paragraph 3] [iter 2] [faithful] debate summary: The faithful translation best preserves the optative wish 'εἴη' as 'It would be well,' accurately captures the genitive 'τοῦ πιθανοῦ' as 'the persuasive' (closely tied to plausibility in context), and maintains the participial structure of 'προσδεχομένων' without over-modernizing. The readable version enhances flow with 'as it is cleansed' but introduces 'glimpse' which softens the visual 'ὄψιν' slightly. The modern translation sacrifices faithfulness by converting the optative to a casual conditional 'It’d be great if,' alters 'gently welcome' to 'patiently embrace,' and shortens phrasing, prioritizing tone over precision.
[paragraph 3] [iter 2] [faithful] revision plan: 1. Refine 'persuasive' to 'plausible' for 'τοῦ πιθανοῦ' to better fit rhetorical context of credibility. 2. Adjust 'gain a view' to 'receive a sight' to heighten literal 'λαβεῖν ἱστορίας ὄψιν.' 3. Change 'gently welcome our antiquarian inquiry' to 'mildly receiving the antiquarian research' for closer 'πρᾴως ... προσδεχομένων τὴν ἀρχαιολογίαν' without added 'our.' 4. Ensure subjunctive 'δεησόμεθα' as future 'we shall need' to retain generality.
[paragraph 3] [iter 2] [faithful] critique of [faithful] scores: faithfulness=9, readability=8, modernity=6
[paragraph 3] [iter 2] [faithful] critique strengths: Precisely renders optative 'εἴη' as 'It would be well,' captures 'ἐκκαθαιρόμενον λόγῳ' with 'purified by argument,' and faithfully translates 'τὴν πρὸς τὸ εἰκὸς μῖξιν' as 'admixture with the probable'; structure mirrors Greek subordination.
[paragraph 3] [iter 2] [faithful] critique concerns: 'Persuasive' for 'πιθανοῦ' could lean more toward 'plausible' in historiographical context; 'our antiquarian inquiry' infers possession not explicit in Greek; 'view of history' is solid but 'sight' might emphasize visuality of 'ὄψιν.'
[paragraph 3] [iter 2] [faithful] critique of [readable] scores: faithfulness=8, readability=9, modernity=7
[paragraph 3] [iter 2] [faithful] critique strengths: Smooths participles into 'as it is cleansed by reason' for better English flow; 'blend with the probable' is natural for 'μῖξιν'; 'receive ... with gentleness' aptly conveys 'πρᾴως προσδεχομένων.'
[paragraph 3] [iter 2] [faithful] critique concerns: 'Glimpse' underplays the deliberate 'λαβεῖν ... ὄψιν' (to take/receive a view); 'reason' for 'λόγῳ' is broad but less precise than 'argument'; minor loss of subjunctive generality in 'wherever.'
[paragraph 3] [iter 2] [faithful] critique of [modern] scores: faithfulness=7, readability=10, modernity=10
[paragraph 3] [iter 2] [faithful] critique strengths: Highly engaging and concise; 'caught a glimpse' modernizes 'ὄψιν' vividly; casual contractions enhance contemporary feel.
[paragraph 3] [iter 2] [faithful] critique concerns: Optative 'εἴη' flattened to 'It’d be great if,' losing modal nuance; 'mythical purified' drops article 'τὸ μυθῶδες'; 'patiently embrace' misaligns 'πρᾴως' (gentle/mild) and overinterprets 'προσδεχομένων'; 'ancient inquiry' simplifies nuanced 'ἀρχαιολογίαν.'
[paragraph 3] [iter 2] [readable] debate summary: Faithful translation stands out for its precise rendering of the optative 'εἴη' as 'It would be well' and structural fidelity, including 'admixture' and participial nuance in the final clause. Readable version enhances flow with natural synonyms like 'cleansed' and 'blend,' prioritizing accessibility while retaining core meaning. Modern translation boosts engagement through contractions and vivid phrasing but loosens fidelity with conditional restructuring and interpretive verbs like 'embrace.' Debate highlights trade-offs where readability gains can slightly compromise exactness, favoring balanced evolution.
[paragraph 3] [iter 2] [readable] revision plan: 1. Replace 'glimpse' with 'view' to boost faithfulness without harming flow. 2. Refine final clause to 'understanding listeners who gently welcome our antiquarian inquiry' for tighter structure and participial echo. 3. Swap 'cleansed' to 'purified' if it aligns better with 'ἐκκαθαιρόμενον' while keeping readability. 4. Ensure 'mythical element' simplifies to 'mythical part' for crisper readability.
[paragraph 3] [iter 2] [readable] critique of [faithful] scores: faithfulness=10, readability=8, modernity=6
[paragraph 3] [iter 2] [readable] critique strengths: Accurately conveys optative wish with 'It would be well'; preserves 'purified by argument,' 'admixture,' and participial structure in 'gently welcome our antiquarian inquiry.'
[paragraph 3] [iter 2] [readable] critique concerns: Formal tone like 'gain a view' feels archaic; adds 'element' and 'our' interpretively without Greek warrant.
[paragraph 3] [iter 2] [readable] critique of [readable] scores: faithfulness=9, readability=9, modernity=7
[paragraph 3] [iter 2] [readable] critique strengths: Smooth, natural phrasing with 'cleansed by reason' and 'blend'; 'listeners' and 'with gentleness' improve flow while echoing sense.
[paragraph 3] [iter 2] [readable] critique concerns: 'Glimpse' adds vividness beyond 'ὄψιν' (view/sight); final clause rephrases participles, slightly flattening Greek's genitive construction.
[paragraph 3] [iter 2] [readable] critique of [modern] scores: faithfulness=7, readability=10, modernity=10
[paragraph 3] [iter 2] [readable] critique strengths: Conversational contractions ('It’d,' 'we’ll') and dynamic verbs ('caught a glimpse,' 'embrace') maximize contemporary appeal and pace.
[paragraph 3] [iter 2] [readable] critique concerns: Shifts optative to casual conditional 'It’d be great if we heard'; 'patiently embrace' and 'ancient inquiry' over-interpret 'πρᾴως προσδεχομένων τὴν ἀρχαιολογίαν,' losing precision.
[paragraph 3] [iter 2] [modern] debate summary: The faithful translation excels in literal precision, retaining terms like 'admixture' and 'argument' that mirror the Greek closely, though its formality hampers modern appeal. The readable version strikes a strong balance by softening archaic phrasing with 'glimpse,' 'blend,' and 'listeners' for better flow without major fidelity loss. The modern translation prioritizes contemporary casualness through contractions and 'embrace,' effectively boosting readability and tone but risking nuance in shortening 'mythical element' and 'antiquarian inquiry.' Overall, modernity gains traction in iteration 2, yet faithfulness remains the anchor across versions.
[paragraph 3] [iter 2] [modern] revision plan: 1. Restore 'mythical stuff' or 'mythical bits' to nod at τὸ μυθῶδες while keeping casual vibe. 2. Swap 'patiently embrace' to 'chill with' for punchier modernity on πρᾴως προσδεχομένων. 3. Tweak opener to 'We’d love hearing the myths scrubbed clean by logic' for snappier conditional. 4. Change 'ancient inquiry' to 'old-school history dig' to amp specificity and trendiness.
[paragraph 3] [iter 2] [modern] critique of [faithful] scores: faithfulness=10, readability=7, modernity=4
[paragraph 3] [iter 2] [modern] critique strengths: Precisely captures Greek participles (e.g., 'purified by argument'), subjunctive conditions, and vocabulary like 'admixture' and 'antiquarian inquiry'; maintains formal structure mirroring original.
[paragraph 3] [iter 2] [modern] critique concerns: Stiff phrasing like 'It would be well for us, then' and 'gain a view' feels dated and less fluid; 'mythical element' is accurate but clunky in English.
[paragraph 3] [iter 2] [modern] critique of [readable] scores: faithfulness=9, readability=9, modernity=6
[paragraph 3] [iter 2] [modern] critique strengths: Improves natural flow with 'cleansed by reason,' 'glimpse,' and 'blend,' making it accessible while preserving core meaning; 'receive ... with gentleness' elegantly handles genitive absolute.
[paragraph 3] [iter 2] [modern] critique concerns: Minor liberties like 'as it is cleansed' add slight interpretive layer not explicit in Greek; still somewhat formal with 'It would be well for us, then.'
[paragraph 3] [iter 2] [modern] critique of [modern] scores: faithfulness=8, readability=10, modernity=9
[paragraph 3] [iter 2] [modern] critique strengths: Embraces casual tone via 'It’d be great,' contractions, 'caught a glimpse,' and 'patiently embrace,' aligning perfectly with modernity priority; highly readable and engaging.
[paragraph 3] [iter 2] [modern] critique concerns: Simplifies 'mythical element' to 'mythical' and 'antiquarian inquiry' to 'ancient inquiry,' losing some specificity; shifts 'gently welcome' to 'patiently embrace' which broadens mildly; drops 'then' and formal conditional nuance.
[paragraph 3] [iter 2] [faithful] revised translation:
It would be well for us, then, to hear the mythical purified by argument and to receive a sight of history; but wherever it arrogantly scorns the plausible and refuses the admixture with the probable, we shall need understanding hearers mildly receiving the antiquarian research.
[paragraph 3] [iter 2] [faithful] change summary: Refined 'persuasive' to 'plausible' for greater fidelity to 'τοῦ πιθανοῦ' in its rhetorical sense of credibility. Adjusted 'gain a view' to 'receive a sight' to more literally render 'λαβεῖν ... ὄψιν.' Revised final clause from 'who will gently welcome our antiquarian inquiry' to 'mildly receiving the antiquarian research' to closely mirror the genitive absolute 'πρᾴως ... προσδεχομένων τὴν ἀρχαιολογίαν,' eliminating interpretive 'our' and future verb while preserving participial structure. These changes enhance literal precision without altering core meaning.
[paragraph 3] [iter 2] [faithful] revised scores: faithfulness=10, readability=8, modernity=6
[paragraph 3] [iter 2] [readable] revised translation:
It would be well for us, then, to hear the mythical element purified by reason and to gain a view of history; but wherever it arrogantly scorns the persuasive and refuses to blend with the probable, we shall need understanding listeners who gently welcome our antiquarian inquiry.
[paragraph 3] [iter 2] [readable] change summary: Switched 'as it is cleansed' to 'purified by reason' for conciseness and closer alignment with the Greek participle ἐκκαθαιρόμενον, enhancing flow without losing meaning. Replaced 'glimpse' with 'view' to improve faithfulness to ὄψιν per debate feedback while keeping vivid readability. Refined the final clause from 'receive ... with gentleness' to 'gently welcome' for smoother, more natural phrasing that echoes the participial structure πρᾴως προσδεχομένων.
[paragraph 3] [iter 2] [readable] revised scores: faithfulness=9, readability=10, modernity=7
[paragraph 3] [iter 2] [modern] revised translation:
We’d love hearing the mythical stuff purified by logic and catching a glimpse of history. But wherever it arrogantly scorns the plausible and refuses to blend with the probable, we’ll need understanding listeners who chill with our old-school history dig.
[paragraph 3] [iter 2] [modern] change summary: Amped up the opener with 'We’d love hearing the mythical stuff ... catching a glimpse' for snappier, casual vibe per self-plan, nodding to τὸ μυθῶδες while boosting engagement. Swapped 'persuasive' to 'plausible' and 'mix' to 'blend' from debate insights for contextual precision and smoother flow. Revamped finale to 'chill with our old-school history dig' for punchy modernity on πρᾴως προσδεχομένων and ἀρχαιολογίαν, prioritizing contemporary slang without derailing meaning.
[paragraph 3] [iter 2] [modern] revised scores: faithfulness=8, readability=10, modernity=10
[paragraph 3] final synthesis...
[paragraph 3] final candidate agent versions:
[paragraph 3] [faithful] It would be well for us, then, to hear the mythical purified by argument and to receive a sight of history; but wherever it arrogantly scorns the plausible and refuses the admixture with the probable, we shall need understanding hearers mildly receiving the antiquarian research.
[paragraph 3] [readable] It would be well for us, then, to hear the mythical element purified by reason and to gain a view of history; but wherever it arrogantly scorns the persuasive and refuses to blend with the probable, we shall need understanding listeners who gently welcome our antiquarian inquiry.
[paragraph 3] [modern] We’d love hearing the mythical stuff purified by logic and catching a glimpse of history. But wherever it arrogantly scorns the plausible and refuses to blend with the probable, we’ll need understanding listeners who chill with our old-school history dig.
[paragraph 3] final synthesis translation:
It would be well for us, then, to hear the mythical purified by reason and to gain a view of history; but wherever it arrogantly scorns the plausible and refuses to blend with the probable, we shall need understanding listeners who gently welcome the antiquarian inquiry.
[paragraph 3] final synthesis justification: Drew primarily from the readable translation to prioritize smooth, natural flow with phrases like 'purified by reason,' 'gain a view,' 'blend,' and 'gently welcome,' aligning with the 0.60 readability weight and debate emphasis on accessibility without awkward literalism. Incorporated faithful precision in 'plausible' for τοῦ πιθανοῦ, singular 'the mythical,' and 'antiquarian inquiry' for ἀρχαιολογίαν to preserve core terminology, optative mood, and conditional structure per debate summaries. Added subtle modernity via 'listeners' over 'hearers' and concise syntax for contemporary feel without slang, favoring readability/modernity in tradeoffs like 'blend' over 'admixture' while upholding argument flow and imagery.
[paragraph 3] final synthesis scores: faithfulness=9, readability=10, modernity=7
Just as in geographies, Sosius Senecio, historians cram the outermost edges of their maps with explanations for things beyond their knowledge—such as 'beyond lie waterless and savage sands,' 'unquenchable mud,' 'Scythian cold,' or 'frozen sea'—so too, in writing the Parallel Lives, after covering the accessible stretch of time with plausible reasoning and solid, fact-based history, it would be fitting to say of the earlier matters: 'Beyond that lie monstrous and tragic things, the domain of poets and mythographers, where credibility and clarity no longer hold.'

After publishing the discourse on Lycurgus the lawgiver and King Numa, it seemed reasonable to include Romulus as well, since our history had now reached times close to his. But as I pondered—in such a light, in the words of Aeschylus—'Who will turn up? Whom shall I set against him? Who is trustworthy?'—it appeared fitting to match the founder of beautiful and renowned Athens against the father of unconquered and greatly glorious Rome.

It would be well for us, then, to hear the mythical purified by reason and to gain a view of history; but wherever it arrogantly scorns the plausible and refuses to blend with the probable, we shall need understanding listeners who gently welcome the antiquarian inquiry.

Wrote quorum_translation.json
Wrote quorum_translation.md
